{"meta": {"format": 3, "version": "7.11.0", "timestamp": "2025-10-20T12:21:20.363821", "branch_coverage": false, "show_contexts": false}, "files": {"neura/__init__.py": {"executed_lines": [1, 8, 9, 10, 12, 14], "summary": {"covered_lines": 5, "num_statements": 5, "percent_covered": 100.0, "percent_covered_display": "100", "missing_lines": 0, "excluded_lines": 0}, "missing_lines": [], "excluded_lines": [], "functions": {"": {"executed_lines": [1, 8, 9, 10, 12, 14], "summary": {"covered_lines": 5, "num_statements": 5, "percent_covered": 100.0, "percent_covered_display": "100", "missing_lines": 0, "excluded_lines": 0}, "missing_lines": [], "excluded_lines": []}}, "classes": {"": {"executed_lines": [1, 8, 9, 10, 12, 14], "summary": {"covered_lines": 5, "num_statements": 5, "percent_covered": 100.0, "percent_covered_display": "100", "missing_lines": 0, "excluded_lines": 0}, "missing_lines": [], "excluded_lines": []}}}, "neura/cli.py": {"executed_lines": [], "summary": {"covered_lines": 0, "num_statements": 172, "percent_covered": 0.0, "percent_covered_display": "0", "missing_lines": 172, "excluded_lines": 0}, "missing_lines": [7, 9, 10, 11, 12, 14, 20, 23, 31, 32, 41, 43, 51, 52, 65, 66, 67, 69, 71, 72, 76, 77, 78, 79, 80, 81, 82, 83, 86, 88, 98, 99, 100, 102, 104, 105, 106, 107, 108, 110, 118, 119, 131, 132, 133, 134, 142, 143, 144, 146, 148, 149, 150, 151, 153, 156, 157, 169, 170, 171, 172, 177, 178, 180, 181, 182, 184, 186, 187, 188, 189, 191, 194, 195, 197, 199, 200, 201, 202, 204, 212, 213, 221, 222, 223, 224, 226, 227, 229, 231, 232, 233, 234, 236, 239, 240, 248, 250, 251, 252, 253, 258, 259, 261, 263, 264, 265, 266, 268, 271, 272, 280, 281, 282, 283, 285, 286, 287, 289, 291, 292, 293, 294, 296, 304, 305, 313, 314, 315, 316, 318, 319, 321, 322, 323, 325, 326, 327, 329, 330, 332, 334, 335, 336, 337, 338, 340, 348, 349, 365, 367, 370, 378, 379, 380, 383, 384, 385, 386, 387, 388, 390, 391, 392, 402, 405, 406, 407, 415, 417, 420, 421], "excluded_lines": [], "functions": {"hello": {"executed_lines": [], "summary": {"covered_lines": 0, "num_statements": 2, "percent_covered": 0.0, "percent_covered_display": "0", "missing_lines": 2, "excluded_lines": 0}, "missing_lines": [41, 43], "excluded_lines": []}, "ask": {"executed_lines": [], "summary": {"covered_lines": 0, "num_statements": 2, "percent_covered": 0.0, "percent_covered_display": "0", "missing_lines": 2, "excluded_lines": 0}, "missing_lines": [65, 110], "excluded_lines": []}, "ask._ask": {"executed_lines": [], "summary": {"covered_lines": 0, "num_statements": 24, "percent_covered": 0.0, "percent_covered_display": "0", "missing_lines": 24, "excluded_lines": 0}, "missing_lines": [66, 67, 69, 71, 72, 76, 77, 78, 79, 80, 81, 82, 83, 86, 88, 98, 99, 100, 102, 104, 105, 106, 107, 108], "excluded_lines": []}, "remember": {"executed_lines": [], "summary": {"covered_lines": 0, "num_statements": 2, "percent_covered": 0.0, "percent_covered_display": "0", "missing_lines": 2, "excluded_lines": 0}, "missing_lines": [131, 153], "excluded_lines": []}, "remember._remember": {"executed_lines": [], "summary": {"covered_lines": 0, "num_statements": 11, "percent_covered": 0.0, "percent_covered_display": "0", "missing_lines": 11, "excluded_lines": 0}, "missing_lines": [132, 133, 134, 142, 143, 144, 146, 148, 149, 150, 151], "excluded_lines": []}, "recall": {"executed_lines": [], "summary": {"covered_lines": 0, "num_statements": 2, "percent_covered": 0.0, "percent_covered_display": "0", "missing_lines": 2, "excluded_lines": 0}, "missing_lines": [169, 204], "excluded_lines": []}, "recall._recall": {"executed_lines": [], "summary": {"covered_lines": 0, "num_statements": 21, "percent_covered": 0.0, "percent_covered_display": "0", "missing_lines": 21, "excluded_lines": 0}, "missing_lines": [170, 171, 172, 177, 178, 180, 181, 182, 184, 186, 187, 188, 189, 191, 194, 195, 197, 199, 200, 201, 202], "excluded_lines": []}, "lock": {"executed_lines": [], "summary": {"covered_lines": 0, "num_statements": 2, "percent_covered": 0.0, "percent_covered_display": "0", "missing_lines": 2, "excluded_lines": 0}, "missing_lines": [221, 236], "excluded_lines": []}, "lock._lock": {"executed_lines": [], "summary": {"covered_lines": 0, "num_statements": 10, "percent_covered": 0.0, "percent_covered_display": "0", "missing_lines": 10, "excluded_lines": 0}, "missing_lines": [222, 223, 224, 226, 227, 229, 231, 232, 233, 234], "excluded_lines": []}, "unlock": {"executed_lines": [], "summary": {"covered_lines": 0, "num_statements": 3, "percent_covered": 0.0, "percent_covered_display": "0", "missing_lines": 3, "excluded_lines": 0}, "missing_lines": [248, 250, 268], "excluded_lines": []}, "unlock._unlock": {"executed_lines": [], "summary": {"covered_lines": 0, "num_statements": 10, "percent_covered": 0.0, "percent_covered_display": "0", "missing_lines": 10, "excluded_lines": 0}, "missing_lines": [251, 252, 253, 258, 259, 261, 263, 264, 265, 266], "excluded_lines": []}, "panic": {"executed_lines": [], "summary": {"covered_lines": 0, "num_statements": 2, "percent_covered": 0.0, "percent_covered_display": "0", "missing_lines": 2, "excluded_lines": 0}, "missing_lines": [280, 296], "excluded_lines": []}, "panic._panic": {"executed_lines": [], "summary": {"covered_lines": 0, "num_statements": 11, "percent_covered": 0.0, "percent_covered_display": "0", "missing_lines": 11, "excluded_lines": 0}, "missing_lines": [281, 282, 283, 285, 286, 287, 289, 291, 292, 293, 294], "excluded_lines": []}, "status": {"executed_lines": [], "summary": {"covered_lines": 0, "num_statements": 2, "percent_covered": 0.0, "percent_covered_display": "0", "missing_lines": 2, "excluded_lines": 0}, "missing_lines": [313, 340], "excluded_lines": []}, "status._status": {"executed_lines": [], "summary": {"covered_lines": 0, "num_statements": 19, "percent_covered": 0.0, "percent_covered_display": "0", "missing_lines": 19, "excluded_lines": 0}, "missing_lines": [314, 315, 316, 318, 319, 321, 322, 323, 325, 326, 327, 329, 330, 332, 334, 335, 336, 337, 338], "excluded_lines": []}, "why": {"executed_lines": [], "summary": {"covered_lines": 0, "num_statements": 19, "percent_covered": 0.0, "percent_covered_display": "0", "missing_lines": 19, "excluded_lines": 0}, "missing_lines": [365, 367, 370, 378, 379, 380, 383, 384, 385, 386, 387, 388, 390, 391, 392, 402, 405, 406, 407], "excluded_lines": []}, "main": {"executed_lines": [], "summary": {"covered_lines": 0, "num_statements": 1, "percent_covered": 0.0, "percent_covered_display": "0", "missing_lines": 1, "excluded_lines": 0}, "missing_lines": [417], "excluded_lines": []}, "": {"executed_lines": [], "summary": {"covered_lines": 0, "num_statements": 29, "percent_covered": 0.0, "percent_covered_display": "0", "missing_lines": 29, "excluded_lines": 0}, "missing_lines": [7, 9, 10, 11, 12, 14, 20, 23, 31, 32, 51, 52, 118, 119, 156, 157, 212, 213, 239, 240, 271, 272, 304, 305, 348, 349, 415, 420, 421], "excluded_lines": []}}, "classes": {"": {"executed_lines": [], "summary": {"covered_lines": 0, "num_statements": 172, "percent_covered": 0.0, "percent_covered_display": "0", "missing_lines": 172, "excluded_lines": 0}, "missing_lines": [7, 9, 10, 11, 12, 14, 20, 23, 31, 32, 41, 43, 51, 52, 65, 66, 67, 69, 71, 72, 76, 77, 78, 79, 80, 81, 82, 83, 86, 88, 98, 99, 100, 102, 104, 105, 106, 107, 108, 110, 118, 119, 131, 132, 133, 134, 142, 143, 144, 146, 148, 149, 150, 151, 153, 156, 157, 169, 170, 171, 172, 177, 178, 180, 181, 182, 184, 186, 187, 188, 189, 191, 194, 195, 197, 199, 200, 201, 202, 204, 212, 213, 221, 222, 223, 224, 226, 227, 229, 231, 232, 233, 234, 236, 239, 240, 248, 250, 251, 252, 253, 258, 259, 261, 263, 264, 265, 266, 268, 271, 272, 280, 281, 282, 283, 285, 286, 287, 289, 291, 292, 293, 294, 296, 304, 305, 313, 314, 315, 316, 318, 319, 321, 322, 323, 325, 326, 327, 329, 330, 332, 334, 335, 336, 337, 338, 340, 348, 349, 365, 367, 370, 378, 379, 380, 383, 384, 385, 386, 387, 388, 390, 391, 392, 402, 405, 406, 407, 415, 417, 420, 421], "excluded_lines": []}}}, "neura/cli_simple.py": {"executed_lines": [], "summary": {"covered_lines": 0, "num_statements": 152, "percent_covered": 0.0, "percent_covered_display": "0", "missing_lines": 152, "excluded_lines": 0}, "missing_lines": [5, 7, 8, 9, 10, 12, 13, 15, 18, 19, 22, 23, 24, 25, 27, 28, 30, 31, 32, 34, 35, 36, 38, 39, 41, 43, 44, 45, 46, 47, 49, 52, 53, 56, 57, 58, 59, 61, 66, 67, 68, 69, 71, 73, 74, 75, 76, 78, 81, 82, 85, 86, 87, 88, 93, 94, 95, 97, 99, 100, 101, 102, 104, 107, 108, 111, 112, 113, 114, 119, 120, 122, 123, 124, 126, 128, 129, 130, 131, 133, 136, 137, 139, 141, 142, 143, 144, 146, 149, 150, 153, 154, 155, 156, 158, 159, 161, 163, 164, 165, 166, 168, 171, 172, 174, 176, 177, 178, 179, 184, 185, 187, 189, 190, 191, 192, 194, 197, 198, 201, 202, 203, 204, 206, 207, 209, 211, 212, 213, 214, 216, 219, 220, 222, 224, 225, 227, 228, 229, 231, 232, 233, 234, 235, 237, 238, 239, 246, 249, 251, 254, 255], "excluded_lines": [], "functions": {"status": {"executed_lines": [], "summary": {"covered_lines": 0, "num_statements": 2, "percent_covered": 0.0, "percent_covered_display": "0", "missing_lines": 2, "excluded_lines": 0}, "missing_lines": [22, 49], "excluded_lines": []}, "status._status": {"executed_lines": [], "summary": {"covered_lines": 0, "num_statements": 19, "percent_covered": 0.0, "percent_covered_display": "0", "missing_lines": 19, "excluded_lines": 0}, "missing_lines": [23, 24, 25, 27, 28, 30, 31, 32, 34, 35, 36, 38, 39, 41, 43, 44, 45, 46, 47], "excluded_lines": []}, "ask": {"executed_lines": [], "summary": {"covered_lines": 0, "num_statements": 2, "percent_covered": 0.0, "percent_covered_display": "0", "missing_lines": 2, "excluded_lines": 0}, "missing_lines": [56, 78], "excluded_lines": []}, "ask._ask": {"executed_lines": [], "summary": {"covered_lines": 0, "num_statements": 13, "percent_covered": 0.0, "percent_covered_display": "0", "missing_lines": 13, "excluded_lines": 0}, "missing_lines": [57, 58, 59, 61, 66, 67, 68, 69, 71, 73, 74, 75, 76], "excluded_lines": []}, "remember": {"executed_lines": [], "summary": {"covered_lines": 0, "num_statements": 2, "percent_covered": 0.0, "percent_covered_display": "0", "missing_lines": 2, "excluded_lines": 0}, "missing_lines": [85, 104], "excluded_lines": []}, "remember._remember": {"executed_lines": [], "summary": {"covered_lines": 0, "num_statements": 11, "percent_covered": 0.0, "percent_covered_display": "0", "missing_lines": 11, "excluded_lines": 0}, "missing_lines": [86, 87, 88, 93, 94, 95, 97, 99, 100, 101, 102], "excluded_lines": []}, "recall": {"executed_lines": [], "summary": {"covered_lines": 0, "num_statements": 2, "percent_covered": 0.0, "percent_covered_display": "0", "missing_lines": 2, "excluded_lines": 0}, "missing_lines": [111, 146], "excluded_lines": []}, "recall._recall": {"executed_lines": [], "summary": {"covered_lines": 0, "num_statements": 21, "percent_covered": 0.0, "percent_covered_display": "0", "missing_lines": 21, "excluded_lines": 0}, "missing_lines": [112, 113, 114, 119, 120, 122, 123, 124, 126, 128, 129, 130, 131, 133, 136, 137, 139, 141, 142, 143, 144], "excluded_lines": []}, "lock": {"executed_lines": [], "summary": {"covered_lines": 0, "num_statements": 2, "percent_covered": 0.0, "percent_covered_display": "0", "missing_lines": 2, "excluded_lines": 0}, "missing_lines": [153, 168], "excluded_lines": []}, "lock._lock": {"executed_lines": [], "summary": {"covered_lines": 0, "num_statements": 10, "percent_covered": 0.0, "percent_covered_display": "0", "missing_lines": 10, "excluded_lines": 0}, "missing_lines": [154, 155, 156, 158, 159, 161, 163, 164, 165, 166], "excluded_lines": []}, "unlock": {"executed_lines": [], "summary": {"covered_lines": 0, "num_statements": 3, "percent_covered": 0.0, "percent_covered_display": "0", "missing_lines": 3, "excluded_lines": 0}, "missing_lines": [174, 176, 194], "excluded_lines": []}, "unlock._unlock": {"executed_lines": [], "summary": {"covered_lines": 0, "num_statements": 10, "percent_covered": 0.0, "percent_covered_display": "0", "missing_lines": 10, "excluded_lines": 0}, "missing_lines": [177, 178, 179, 184, 185, 187, 189, 190, 191, 192], "excluded_lines": []}, "panic": {"executed_lines": [], "summary": {"covered_lines": 0, "num_statements": 2, "percent_covered": 0.0, "percent_covered_display": "0", "missing_lines": 2, "excluded_lines": 0}, "missing_lines": [201, 216], "excluded_lines": []}, "panic._panic": {"executed_lines": [], "summary": {"covered_lines": 0, "num_statements": 10, "percent_covered": 0.0, "percent_covered_display": "0", "missing_lines": 10, "excluded_lines": 0}, "missing_lines": [202, 203, 204, 206, 207, 209, 211, 212, 213, 214], "excluded_lines": []}, "why": {"executed_lines": [], "summary": {"covered_lines": 0, "num_statements": 15, "percent_covered": 0.0, "percent_covered_display": "0", "missing_lines": 15, "excluded_lines": 0}, "missing_lines": [222, 224, 225, 227, 228, 229, 231, 232, 233, 234, 235, 237, 238, 239, 246], "excluded_lines": []}, "main": {"executed_lines": [], "summary": {"covered_lines": 0, "num_statements": 1, "percent_covered": 0.0, "percent_covered_display": "0", "missing_lines": 1, "excluded_lines": 0}, "missing_lines": [251], "excluded_lines": []}, "": {"executed_lines": [], "summary": {"covered_lines": 0, "num_statements": 27, "percent_covered": 0.0, "percent_covered_display": "0", "missing_lines": 27, "excluded_lines": 0}, "missing_lines": [5, 7, 8, 9, 10, 12, 13, 15, 18, 19, 52, 53, 81, 82, 107, 108, 149, 150, 171, 172, 197, 198, 219, 220, 249, 254, 255], "excluded_lines": []}}, "classes": {"": {"executed_lines": [], "summary": {"covered_lines": 0, "num_statements": 152, "percent_covered": 0.0, "percent_covered_display": "0", "missing_lines": 152, "excluded_lines": 0}, "missing_lines": [5, 7, 8, 9, 10, 12, 13, 15, 18, 19, 22, 23, 24, 25, 27, 28, 30, 31, 32, 34, 35, 36, 38, 39, 41, 43, 44, 45, 46, 47, 49, 52, 53, 56, 57, 58, 59, 61, 66, 67, 68, 69, 71, 73, 74, 75, 76, 78, 81, 82, 85, 86, 87, 88, 93, 94, 95, 97, 99, 100, 101, 102, 104, 107, 108, 111, 112, 113, 114, 119, 120, 122, 123, 124, 126, 128, 129, 130, 131, 133, 136, 137, 139, 141, 142, 143, 144, 146, 149, 150, 153, 154, 155, 156, 158, 159, 161, 163, 164, 165, 166, 168, 171, 172, 174, 176, 177, 178, 179, 184, 185, 187, 189, 190, 191, 192, 194, 197, 198, 201, 202, 203, 204, 206, 207, 209, 211, 212, 213, 214, 216, 219, 220, 222, 224, 225, 227, 228, 229, 231, 232, 233, 234, 235, 237, 238, 239, 246, 249, 251, 254, 255], "excluded_lines": []}}}, "neura/cli_working.py": {"executed_lines": [], "summary": {"covered_lines": 0, "num_statements": 337, "percent_covered": 0.0, "percent_covered_display": "0", "missing_lines": 337, "excluded_lines": 0}, "missing_lines": [8, 9, 10, 12, 13, 14, 16, 17, 20, 22, 23, 24, 26, 27, 29, 30, 31, 33, 34, 35, 37, 38, 40, 42, 43, 44, 45, 46, 49, 51, 52, 53, 55, 60, 61, 62, 63, 65, 67, 68, 69, 70, 73, 75, 76, 77, 82, 83, 84, 86, 88, 89, 90, 91, 94, 96, 97, 98, 103, 104, 106, 107, 108, 110, 112, 113, 114, 115, 117, 120, 121, 123, 125, 126, 127, 128, 131, 142, 144, 147, 148, 149, 150, 151, 152, 154, 155, 156, 157, 158, 160, 161, 164, 166, 167, 170, 172, 175, 176, 177, 178, 179, 181, 182, 185, 188, 189, 190, 200, 201, 202, 205, 206, 207, 208, 209, 210, 211, 212, 213, 214, 215, 217, 219, 220, 221, 222, 223, 225, 226, 227, 234, 237, 247, 249, 250, 251, 253, 255, 266, 267, 268, 270, 271, 272, 273, 274, 275, 277, 280, 281, 283, 284, 285, 286, 287, 288, 290, 291, 293, 294, 295, 296, 297, 298, 301, 303, 305, 306, 308, 310, 318, 319, 321, 323, 324, 325, 327, 328, 329, 330, 331, 332, 334, 336, 337, 338, 339, 340, 341, 344, 348, 350, 351, 354, 355, 356, 358, 359, 362, 364, 366, 367, 368, 370, 371, 373, 374, 376, 377, 378, 380, 381, 383, 384, 385, 387, 389, 391, 392, 394, 395, 397, 398, 399, 401, 402, 405, 406, 407, 408, 409, 412, 413, 414, 416, 417, 419, 421, 422, 425, 427, 429, 431, 433, 434, 435, 436, 438, 439, 441, 442, 443, 445, 448, 449, 451, 452, 453, 455, 456, 459, 461, 466, 469, 472, 473, 476, 477, 480, 481, 484, 485, 486, 487, 488, 489, 490, 491, 492, 495, 496, 497, 500, 501, 502, 503, 506, 511, 512, 513, 516, 519, 520, 521, 522, 525, 528, 531, 532, 535, 536, 539, 540, 545, 546, 548, 550, 551, 552, 555, 556, 557, 558, 559, 560, 561, 562, 563, 564, 576, 577, 588, 589, 590, 591, 598, 600, 601, 602, 604, 605, 606, 608, 609, 612, 613], "excluded_lines": [], "functions": {"status_command": {"executed_lines": [], "summary": {"covered_lines": 0, "num_statements": 19, "percent_covered": 0.0, "percent_covered_display": "0", "missing_lines": 19, "excluded_lines": 0}, "missing_lines": [22, 23, 24, 26, 27, 29, 30, 31, 33, 34, 35, 37, 38, 40, 42, 43, 44, 45, 46], "excluded_lines": []}, "ask_command": {"executed_lines": [], "summary": {"covered_lines": 0, "num_statements": 13, "percent_covered": 0.0, "percent_covered_display": "0", "missing_lines": 13, "excluded_lines": 0}, "missing_lines": [51, 52, 53, 55, 60, 61, 62, 63, 65, 67, 68, 69, 70], "excluded_lines": []}, "remember_command": {"executed_lines": [], "summary": {"covered_lines": 0, "num_statements": 11, "percent_covered": 0.0, "percent_covered_display": "0", "missing_lines": 11, "excluded_lines": 0}, "missing_lines": [75, 76, 77, 82, 83, 84, 86, 88, 89, 90, 91], "excluded_lines": []}, "recall_command": {"executed_lines": [], "summary": {"covered_lines": 0, "num_statements": 21, "percent_covered": 0.0, "percent_covered_display": "0", "missing_lines": 21, "excluded_lines": 0}, "missing_lines": [96, 97, 98, 103, 104, 106, 107, 108, 110, 112, 113, 114, 115, 117, 120, 121, 123, 125, 126, 127, 128], "excluded_lines": []}, "why_command": {"executed_lines": [], "summary": {"covered_lines": 0, "num_statements": 55, "percent_covered": 0.0, "percent_covered_display": "0", "missing_lines": 55, "excluded_lines": 0}, "missing_lines": [142, 144, 147, 148, 149, 150, 151, 152, 154, 155, 156, 157, 158, 160, 161, 164, 166, 167, 170, 172, 175, 176, 177, 178, 179, 181, 182, 185, 188, 189, 190, 200, 201, 202, 205, 206, 207, 208, 209, 210, 211, 212, 213, 214, 215, 217, 219, 220, 221, 222, 223, 225, 226, 227, 234], "excluded_lines": []}, "motor_run_command": {"executed_lines": [], "summary": {"covered_lines": 0, "num_statements": 32, "percent_covered": 0.0, "percent_covered_display": "0", "missing_lines": 32, "excluded_lines": 0}, "missing_lines": [247, 249, 250, 251, 253, 255, 266, 267, 268, 270, 271, 272, 273, 274, 275, 277, 280, 281, 283, 284, 285, 286, 287, 288, 290, 291, 293, 294, 295, 296, 297, 298], "excluded_lines": []}, "policy_validate_command": {"executed_lines": [], "summary": {"covered_lines": 0, "num_statements": 24, "percent_covered": 0.0, "percent_covered_display": "0", "missing_lines": 24, "excluded_lines": 0}, "missing_lines": [303, 305, 306, 308, 310, 318, 319, 321, 323, 324, 325, 327, 328, 329, 330, 331, 332, 334, 336, 337, 338, 339, 340, 341], "excluded_lines": []}, "flow_command": {"executed_lines": [], "summary": {"covered_lines": 0, "num_statements": 8, "percent_covered": 0.0, "percent_covered_display": "0", "missing_lines": 8, "excluded_lines": 0}, "missing_lines": [348, 350, 351, 354, 355, 356, 358, 359], "excluded_lines": []}, "voice_command": {"executed_lines": [], "summary": {"covered_lines": 0, "num_statements": 61, "percent_covered": 0.0, "percent_covered_display": "0", "missing_lines": 61, "excluded_lines": 0}, "missing_lines": [364, 366, 367, 368, 370, 371, 373, 374, 376, 377, 378, 380, 381, 383, 384, 385, 387, 389, 391, 392, 394, 395, 397, 398, 399, 401, 402, 405, 406, 407, 408, 409, 412, 413, 414, 416, 417, 419, 421, 422, 425, 427, 429, 431, 433, 434, 435, 436, 438, 439, 441, 442, 443, 445, 448, 449, 451, 452, 453, 455, 456], "excluded_lines": []}, "main": {"executed_lines": [], "summary": {"covered_lines": 0, "num_statements": 73, "percent_covered": 0.0, "percent_covered_display": "0", "missing_lines": 73, "excluded_lines": 0}, "missing_lines": [461, 466, 469, 472, 473, 476, 477, 480, 481, 484, 485, 486, 487, 488, 489, 490, 491, 492, 495, 496, 497, 500, 501, 502, 503, 506, 511, 512, 513, 516, 519, 520, 521, 522, 525, 528, 531, 532, 535, 536, 539, 540, 545, 546, 548, 550, 551, 552, 555, 556, 557, 558, 559, 560, 561, 562, 563, 564, 576, 577, 588, 589, 590, 591, 598, 600, 601, 602, 604, 605, 606, 608, 609], "excluded_lines": []}, "": {"executed_lines": [], "summary": {"covered_lines": 0, "num_statements": 20, "percent_covered": 0.0, "percent_covered_display": "0", "missing_lines": 20, "excluded_lines": 0}, "missing_lines": [8, 9, 10, 12, 13, 14, 16, 17, 20, 49, 73, 94, 131, 237, 301, 344, 362, 459, 612, 613], "excluded_lines": []}}, "classes": {"": {"executed_lines": [], "summary": {"covered_lines": 0, "num_statements": 337, "percent_covered": 0.0, "percent_covered_display": "0", "missing_lines": 337, "excluded_lines": 0}, "missing_lines": [8, 9, 10, 12, 13, 14, 16, 17, 20, 22, 23, 24, 26, 27, 29, 30, 31, 33, 34, 35, 37, 38, 40, 42, 43, 44, 45, 46, 49, 51, 52, 53, 55, 60, 61, 62, 63, 65, 67, 68, 69, 70, 73, 75, 76, 77, 82, 83, 84, 86, 88, 89, 90, 91, 94, 96, 97, 98, 103, 104, 106, 107, 108, 110, 112, 113, 114, 115, 117, 120, 121, 123, 125, 126, 127, 128, 131, 142, 144, 147, 148, 149, 150, 151, 152, 154, 155, 156, 157, 158, 160, 161, 164, 166, 167, 170, 172, 175, 176, 177, 178, 179, 181, 182, 185, 188, 189, 190, 200, 201, 202, 205, 206, 207, 208, 209, 210, 211, 212, 213, 214, 215, 217, 219, 220, 221, 222, 223, 225, 226, 227, 234, 237, 247, 249, 250, 251, 253, 255, 266, 267, 268, 270, 271, 272, 273, 274, 275, 277, 280, 281, 283, 284, 285, 286, 287, 288, 290, 291, 293, 294, 295, 296, 297, 298, 301, 303, 305, 306, 308, 310, 318, 319, 321, 323, 324, 325, 327, 328, 329, 330, 331, 332, 334, 336, 337, 338, 339, 340, 341, 344, 348, 350, 351, 354, 355, 356, 358, 359, 362, 364, 366, 367, 368, 370, 371, 373, 374, 376, 377, 378, 380, 381, 383, 384, 385, 387, 389, 391, 392, 394, 395, 397, 398, 399, 401, 402, 405, 406, 407, 408, 409, 412, 413, 414, 416, 417, 419, 421, 422, 425, 427, 429, 431, 433, 434, 435, 436, 438, 439, 441, 442, 443, 445, 448, 449, 451, 452, 453, 455, 456, 459, 461, 466, 469, 472, 473, 476, 477, 480, 481, 484, 485, 486, 487, 488, 489, 490, 491, 492, 495, 496, 497, 500, 501, 502, 503, 506, 511, 512, 513, 516, 519, 520, 521, 522, 525, 528, 531, 532, 535, 536, 539, 540, 545, 546, 548, 550, 551, 552, 555, 556, 557, 558, 559, 560, 561, 562, 563, 564, 576, 577, 588, 589, 590, 591, 598, 600, 601, 602, 604, 605, 606, 608, 609, 612, 613], "excluded_lines": []}}}, "neura/core/__init__.py": {"executed_lines": [1, 11, 12, 14], "summary": {"covered_lines": 3, "num_statements": 3, "percent_covered": 100.0, "percent_covered_display": "100", "missing_lines": 0, "excluded_lines": 0}, "missing_lines": [], "excluded_lines": [], "functions": {"": {"executed_lines": [1, 11, 12, 14], "summary": {"covered_lines": 3, "num_statements": 3, "percent_covered": 100.0, "percent_covered_display": "100", "missing_lines": 0, "excluded_lines": 0}, "missing_lines": [], "excluded_lines": []}}, "classes": {"": {"executed_lines": [1, 11, 12, 14], "summary": {"covered_lines": 3, "num_statements": 3, "percent_covered": 100.0, "percent_covered_display": "100", "missing_lines": 0, "excluded_lines": 0}, "missing_lines": [], "excluded_lines": []}}}, "neura/core/api.py": {"executed_lines": [1, 8, 9, 10, 12, 13, 14, 16, 17, 18, 19, 22, 26, 29, 30, 53, 61, 71, 72, 86, 87, 94, 101, 102, 109, 112, 113, 115, 116, 117, 118, 119, 125, 127, 128, 129, 130, 131, 132, 138, 140, 141, 142, 143, 144, 145, 154, 155, 156, 158, 159, 165, 166, 167, 169, 170, 171, 175, 190, 191, 192, 193, 194, 195, 196, 198, 199, 200, 201, 202, 203, 204, 207, 225], "summary": {"covered_lines": 73, "num_statements": 104, "percent_covered": 70.1923076923077, "percent_covered_display": "70", "missing_lines": 31, "excluded_lines": 0}, "missing_lines": [37, 38, 39, 42, 43, 45, 48, 49, 74, 75, 120, 121, 122, 133, 134, 135, 146, 147, 148, 149, 150, 151, 160, 161, 162, 172, 173, 213, 215, 216, 226], "excluded_lines": [], "functions": {"lifespan": {"executed_lines": [], "summary": {"covered_lines": 0, "num_statements": 8, "percent_covered": 0.0, "percent_covered_display": "0", "missing_lines": 8, "excluded_lines": 0}, "missing_lines": [37, 38, 39, 42, 43, 45, 48, 49], "excluded_lines": []}, "neura_error_handler": {"executed_lines": [], "summary": {"covered_lines": 0, "num_statements": 2, "percent_covered": 0.0, "percent_covered_display": "0", "missing_lines": 2, "excluded_lines": 0}, "missing_lines": [74, 75], "excluded_lines": []}, "root": {"executed_lines": [94], "summary": {"covered_lines": 1, "num_statements": 1, "percent_covered": 100.0, "percent_covered_display": "100", "missing_lines": 0, "excluded_lines": 0}, "missing_lines": [], "excluded_lines": []}, "health": {"executed_lines": [109, 112, 113, 115, 116, 117, 118, 119, 125, 127, 128, 129, 130, 131, 132, 138, 140, 141, 142, 143, 144, 145, 154, 155, 156, 158, 159, 165, 166, 167, 169, 170, 171, 175], "summary": {"covered_lines": 34, "num_statements": 51, "percent_covered": 66.66666666666667, "percent_covered_display": "67", "missing_lines": 17, "excluded_lines": 0}, "missing_lines": [120, 121, 122, 133, 134, 135, 146, 147, 148, 149, 150, 151, 160, 161, 162, 172, 173], "excluded_lines": []}, "main": {"executed_lines": [], "summary": {"covered_lines": 0, "num_statements": 3, "percent_covered": 0.0, "percent_covered_display": "0", "missing_lines": 3, "excluded_lines": 0}, "missing_lines": [213, 215, 216], "excluded_lines": []}, "": {"executed_lines": [1, 8, 9, 10, 12, 13, 14, 16, 17, 18, 19, 22, 26, 29, 30, 53, 61, 71, 72, 86, 87, 101, 102, 190, 191, 192, 193, 194, 195, 196, 198, 199, 200, 201, 202, 203, 204, 207, 225], "summary": {"covered_lines": 38, "num_statements": 39, "percent_covered": 97.43589743589743, "percent_covered_display": "97", "missing_lines": 1, "excluded_lines": 0}, "missing_lines": [226], "excluded_lines": []}}, "classes": {"": {"executed_lines": [1, 8, 9, 10, 12, 13, 14, 16, 17, 18, 19, 22, 26, 29, 30, 53, 61, 71, 72, 86, 87, 94, 101, 102, 109, 112, 113, 115, 116, 117, 118, 119, 125, 127, 128, 129, 130, 131, 132, 138, 140, 141, 142, 143, 144, 145, 154, 155, 156, 158, 159, 165, 166, 167, 169, 170, 171, 175, 190, 191, 192, 193, 194, 195, 196, 198, 199, 200, 201, 202, 203, 204, 207, 225], "summary": {"covered_lines": 73, "num_statements": 104, "percent_covered": 70.1923076923077, "percent_covered_display": "70", "missing_lines": 31, "excluded_lines": 0}, "missing_lines": [37, 38, 39, 42, 43, 45, 48, 49, 74, 75, 120, 121, 122, 133, 134, 135, 146, 147, 148, 149, 150, 151, 160, 161, 162, 172, 173, 213, 215, 216, 226], "excluded_lines": []}}}, "neura/core/config.py": {"executed_lines": [1, 8, 10, 13, 14, 20, 28, 29, 30, 31, 34, 35, 36, 39, 40, 43, 44, 45, 48, 49, 50, 51, 52, 53, 54, 55, 56, 59, 60, 62, 64, 65, 67, 69, 70, 71, 75, 78, 86, 87, 88, 91], "summary": {"covered_lines": 40, "num_statements": 42, "percent_covered": 95.23809523809524, "percent_covered_display": "95", "missing_lines": 2, "excluded_lines": 0}, "missing_lines": [101, 102], "excluded_lines": [], "functions": {"NeuraSettings.__init__": {"executed_lines": [64, 65], "summary": {"covered_lines": 2, "num_statements": 2, "percent_covered": 100.0, "percent_covered_display": "100", "missing_lines": 0, "excluded_lines": 0}, "missing_lines": [], "excluded_lines": []}, "NeuraSettings._ensure_directories": {"executed_lines": [69, 70, 71], "summary": {"covered_lines": 3, "num_statements": 3, "percent_covered": 100.0, "percent_covered_display": "100", "missing_lines": 0, "excluded_lines": 0}, "missing_lines": [], "excluded_lines": []}, "get_settings": {"executed_lines": [86, 87, 88], "summary": {"covered_lines": 3, "num_statements": 3, "percent_covered": 100.0, "percent_covered_display": "100", "missing_lines": 0, "excluded_lines": 0}, "missing_lines": [], "excluded_lines": []}, "reload_settings": {"executed_lines": [], "summary": {"covered_lines": 0, "num_statements": 2, "percent_covered": 0.0, "percent_covered_display": "0", "missing_lines": 2, "excluded_lines": 0}, "missing_lines": [101, 102], "excluded_lines": []}, "": {"executed_lines": [1, 8, 10, 13, 14, 20, 28, 29, 30, 31, 34, 35, 36, 39, 40, 43, 44, 45, 48, 49, 50, 51, 52, 53, 54, 55, 56, 59, 60, 62, 67, 75, 78, 91], "summary": {"covered_lines": 32, "num_statements": 32, "percent_covered": 100.0, "percent_covered_display": "100", "missing_lines": 0, "excluded_lines": 0}, "missing_lines": [], "excluded_lines": []}}, "classes": {"NeuraSettings": {"executed_lines": [64, 65, 69, 70, 71], "summary": {"covered_lines": 5, "num_statements": 5, "percent_covered": 100.0, "percent_covered_display": "100", "missing_lines": 0, "excluded_lines": 0}, "missing_lines": [], "excluded_lines": []}, "": {"executed_lines": [1, 8, 10, 13, 14, 20, 28, 29, 30, 31, 34, 35, 36, 39, 40, 43, 44, 45, 48, 49, 50, 51, 52, 53, 54, 55, 56, 59, 60, 62, 67, 75, 78, 86, 87, 88, 91], "summary": {"covered_lines": 35, "num_statements": 37, "percent_covered": 94.5945945945946, "percent_covered_display": "95", "missing_lines": 2, "excluded_lines": 0}, "missing_lines": [101, 102], "excluded_lines": []}}}, "neura/core/context.py": {"executed_lines": [], "summary": {"covered_lines": 0, "num_statements": 124, "percent_covered": 0.0, "percent_covered_display": "0", "missing_lines": 124, "excluded_lines": 0}, "missing_lines": [7, 8, 9, 10, 12, 15, 17, 18, 19, 20, 21, 24, 26, 27, 28, 29, 30, 33, 34, 36, 37, 38, 39, 40, 43, 44, 46, 47, 48, 49, 52, 53, 55, 56, 57, 58, 59, 62, 63, 65, 66, 67, 68, 70, 72, 97, 113, 115, 116, 118, 125, 128, 129, 130, 132, 139, 143, 145, 147, 148, 149, 151, 154, 155, 156, 158, 160, 161, 162, 163, 164, 165, 166, 168, 176, 177, 178, 186, 188, 191, 192, 193, 194, 195, 196, 197, 198, 200, 203, 204, 205, 207, 214, 217, 220, 221, 224, 226, 234, 237, 238, 239, 240, 241, 242, 244, 246, 248, 249, 250, 252, 262, 264, 265, 268, 269, 272, 273, 276, 280, 283, 286, 287, 288], "excluded_lines": [], "functions": {"Context.to_dict": {"executed_lines": [], "summary": {"covered_lines": 0, "num_statements": 1, "percent_covered": 0.0, "percent_covered_display": "0", "missing_lines": 1, "excluded_lines": 0}, "missing_lines": [72], "excluded_lines": []}, "ContextEngine.__init__": {"executed_lines": [], "summary": {"covered_lines": 0, "num_statements": 2, "percent_covered": 0.0, "percent_covered_display": "0", "missing_lines": 2, "excluded_lines": 0}, "missing_lines": [115, 116], "excluded_lines": []}, "ContextEngine.get_context": {"executed_lines": [], "summary": {"covered_lines": 0, "num_statements": 7, "percent_covered": 0.0, "percent_covered_display": "0", "missing_lines": 7, "excluded_lines": 0}, "missing_lines": [125, 128, 129, 130, 132, 139, 143], "excluded_lines": []}, "ContextEngine._get_system_context": {"executed_lines": [], "summary": {"covered_lines": 0, "num_statements": 19, "percent_covered": 0.0, "percent_covered_display": "0", "missing_lines": 19, "excluded_lines": 0}, "missing_lines": [147, 148, 149, 151, 154, 155, 156, 158, 160, 161, 162, 163, 164, 165, 166, 168, 176, 177, 178], "excluded_lines": []}, "ContextEngine._get_temporal_context": {"executed_lines": [], "summary": {"covered_lines": 0, "num_statements": 14, "percent_covered": 0.0, "percent_covered_display": "0", "missing_lines": 14, "excluded_lines": 0}, "missing_lines": [188, 191, 192, 193, 194, 195, 196, 197, 198, 200, 203, 204, 205, 207], "excluded_lines": []}, "ContextEngine._get_user_context": {"executed_lines": [], "summary": {"covered_lines": 0, "num_statements": 5, "percent_covered": 0.0, "percent_covered_display": "0", "missing_lines": 5, "excluded_lines": 0}, "missing_lines": [217, 220, 221, 224, 226], "excluded_lines": []}, "ContextEngine._infer_mood": {"executed_lines": [], "summary": {"covered_lines": 0, "num_statements": 7, "percent_covered": 0.0, "percent_covered_display": "0", "missing_lines": 7, "excluded_lines": 0}, "missing_lines": [237, 238, 239, 240, 241, 242, 244], "excluded_lines": []}, "ContextEngine.add_command": {"executed_lines": [], "summary": {"covered_lines": 0, "num_statements": 3, "percent_covered": 0.0, "percent_covered_display": "0", "missing_lines": 3, "excluded_lines": 0}, "missing_lines": [248, 249, 250], "excluded_lines": []}, "ContextEngine.should_suggest": {"executed_lines": [], "summary": {"covered_lines": 0, "num_statements": 8, "percent_covered": 0.0, "percent_covered_display": "0", "missing_lines": 8, "excluded_lines": 0}, "missing_lines": [262, 264, 265, 268, 269, 272, 273, 276], "excluded_lines": []}, "get_context_engine": {"executed_lines": [], "summary": {"covered_lines": 0, "num_statements": 3, "percent_covered": 0.0, "percent_covered_display": "0", "missing_lines": 3, "excluded_lines": 0}, "missing_lines": [286, 287, 288], "excluded_lines": []}, "": {"executed_lines": [], "summary": {"covered_lines": 0, "num_statements": 55, "percent_covered": 0.0, "percent_covered_display": "0", "missing_lines": 55, "excluded_lines": 0}, "missing_lines": [7, 8, 9, 10, 12, 15, 17, 18, 19, 20, 21, 24, 26, 27, 28, 29, 30, 33, 34, 36, 37, 38, 39, 40, 43, 44, 46, 47, 48, 49, 52, 53, 55, 56, 57, 58, 59, 62, 63, 65, 66, 67, 68, 70, 97, 113, 118, 145, 186, 214, 234, 246, 252, 280, 283], "excluded_lines": []}}, "classes": {"TimeOfDay": {"executed_lines": [], "summary": {"covered_lines": 0, "num_statements": 0, "percent_covered": 100.0, "percent_covered_display": "100", "missing_lines": 0, "excluded_lines": 0}, "missing_lines": [], "excluded_lines": []}, "UserMood": {"executed_lines": [], "summary": {"covered_lines": 0, "num_statements": 0, "percent_covered": 100.0, "percent_covered_display": "100", "missing_lines": 0, "excluded_lines": 0}, "missing_lines": [], "excluded_lines": []}, "SystemContext": {"executed_lines": [], "summary": {"covered_lines": 0, "num_statements": 0, "percent_covered": 100.0, "percent_covered_display": "100", "missing_lines": 0, "excluded_lines": 0}, "missing_lines": [], "excluded_lines": []}, "TemporalContext": {"executed_lines": [], "summary": {"covered_lines": 0, "num_statements": 0, "percent_covered": 100.0, "percent_covered_display": "100", "missing_lines": 0, "excluded_lines": 0}, "missing_lines": [], "excluded_lines": []}, "UserContext": {"executed_lines": [], "summary": {"covered_lines": 0, "num_statements": 0, "percent_covered": 100.0, "percent_covered_display": "100", "missing_lines": 0, "excluded_lines": 0}, "missing_lines": [], "excluded_lines": []}, "Context": {"executed_lines": [], "summary": {"covered_lines": 0, "num_statements": 1, "percent_covered": 0.0, "percent_covered_display": "0", "missing_lines": 1, "excluded_lines": 0}, "missing_lines": [72], "excluded_lines": []}, "ContextEngine": {"executed_lines": [], "summary": {"covered_lines": 0, "num_statements": 65, "percent_covered": 0.0, "percent_covered_display": "0", "missing_lines": 65, "excluded_lines": 0}, "missing_lines": [115, 116, 125, 128, 129, 130, 132, 139, 143, 147, 148, 149, 151, 154, 155, 156, 158, 160, 161, 162, 163, 164, 165, 166, 168, 176, 177, 178, 188, 191, 192, 193, 194, 195, 196, 197, 198, 200, 203, 204, 205, 207, 217, 220, 221, 224, 226, 237, 238, 239, 240, 241, 242, 244, 248, 249, 250, 262, 264, 265, 268, 269, 272, 273, 276], "excluded_lines": []}, "": {"executed_lines": [], "summary": {"covered_lines": 0, "num_statements": 58, "percent_covered": 0.0, "percent_covered_display": "0", "missing_lines": 58, "excluded_lines": 0}, "missing_lines": [7, 8, 9, 10, 12, 15, 17, 18, 19, 20, 21, 24, 26, 27, 28, 29, 30, 33, 34, 36, 37, 38, 39, 40, 43, 44, 46, 47, 48, 49, 52, 53, 55, 56, 57, 58, 59, 62, 63, 65, 66, 67, 68, 70, 97, 113, 118, 145, 186, 214, 234, 246, 252, 280, 283, 286, 287, 288], "excluded_lines": []}}}, "neura/core/events.py": {"executed_lines": [1, 9, 10, 11, 12, 14, 15, 17, 21, 24, 25, 38, 40, 41, 42, 43, 45, 56, 57, 62, 63, 65, 73, 74, 75, 76, 80, 92, 93, 94, 96, 103, 104, 106, 109, 110, 111, 112, 114, 116, 118, 122, 124, 125, 126, 128, 129, 130, 132, 134, 137, 138, 139, 140, 144, 147, 155, 156, 157], "summary": {"covered_lines": 57, "num_statements": 62, "percent_covered": 91.93548387096774, "percent_covered_display": "92", "missing_lines": 5, "excluded_lines": 0}, "missing_lines": [77, 78, 119, 120, 135], "excluded_lines": [], "functions": {"EventBus.__init__": {"executed_lines": [40, 41, 42, 43], "summary": {"covered_lines": 4, "num_statements": 4, "percent_covered": 100.0, "percent_covered_display": "100", "missing_lines": 0, "excluded_lines": 0}, "missing_lines": [], "excluded_lines": []}, "EventBus.subscribe": {"executed_lines": [56, 57, 62, 63], "summary": {"covered_lines": 4, "num_statements": 4, "percent_covered": 100.0, "percent_covered_display": "100", "missing_lines": 0, "excluded_lines": 0}, "missing_lines": [], "excluded_lines": []}, "EventBus.unsubscribe": {"executed_lines": [73, 74, 75, 76], "summary": {"covered_lines": 4, "num_statements": 6, "percent_covered": 66.66666666666667, "percent_covered_display": "67", "missing_lines": 2, "excluded_lines": 0}, "missing_lines": [77, 78], "excluded_lines": []}, "EventBus.publish": {"executed_lines": [92, 93, 94], "summary": {"covered_lines": 3, "num_statements": 3, "percent_covered": 100.0, "percent_covered_display": "100", "missing_lines": 0, "excluded_lines": 0}, "missing_lines": [], "excluded_lines": []}, "EventBus._process_events": {"executed_lines": [103, 104, 106, 109, 110, 111, 112, 114, 116, 118], "summary": {"covered_lines": 10, "num_statements": 12, "percent_covered": 83.33333333333333, "percent_covered_display": "83", "missing_lines": 2, "excluded_lines": 0}, "missing_lines": [119, 120], "excluded_lines": []}, "EventBus.start": {"executed_lines": [124, 125, 126, 128, 129, 130], "summary": {"covered_lines": 6, "num_statements": 6, "percent_covered": 100.0, "percent_covered_display": "100", "missing_lines": 0, "excluded_lines": 0}, "missing_lines": [], "excluded_lines": []}, "EventBus.stop": {"executed_lines": [134, 137, 138, 139, 140], "summary": {"covered_lines": 5, "num_statements": 6, "percent_covered": 83.33333333333333, "percent_covered_display": "83", "missing_lines": 1, "excluded_lines": 0}, "missing_lines": [135], "excluded_lines": []}, "get_event_bus": {"executed_lines": [155, 156, 157], "summary": {"covered_lines": 3, "num_statements": 3, "percent_covered": 100.0, "percent_covered_display": "100", "missing_lines": 0, "excluded_lines": 0}, "missing_lines": [], "excluded_lines": []}, "": {"executed_lines": [1, 9, 10, 11, 12, 14, 15, 17, 21, 24, 25, 38, 45, 65, 80, 96, 122, 132, 144, 147], "summary": {"covered_lines": 18, "num_statements": 18, "percent_covered": 100.0, "percent_covered_display": "100", "missing_lines": 0, "excluded_lines": 0}, "missing_lines": [], "excluded_lines": []}}, "classes": {"EventBus": {"executed_lines": [40, 41, 42, 43, 56, 57, 62, 63, 73, 74, 75, 76, 92, 93, 94, 103, 104, 106, 109, 110, 111, 112, 114, 116, 118, 124, 125, 126, 128, 129, 130, 134, 137, 138, 139, 140], "summary": {"covered_lines": 36, "num_statements": 41, "percent_covered": 87.8048780487805, "percent_covered_display": "88", "missing_lines": 5, "excluded_lines": 0}, "missing_lines": [77, 78, 119, 120, 135], "excluded_lines": []}, "": {"executed_lines": [1, 9, 10, 11, 12, 14, 15, 17, 21, 24, 25, 38, 45, 65, 80, 96, 122, 132, 144, 147, 155, 156, 157], "summary": {"covered_lines": 21, "num_statements": 21, "percent_covered": 100.0, "percent_covered_display": "100", "missing_lines": 0, "excluded_lines": 0}, "missing_lines": [], "excluded_lines": []}}}, "neura/core/exceptions.py": {"executed_lines": [1, 9, 10, 12, 20, 21, 22, 24, 26, 27, 28, 35, 36, 38, 41, 42, 44, 47, 48, 50, 53, 55, 60, 61, 63, 66, 67, 69], "summary": {"covered_lines": 21, "num_statements": 23, "percent_covered": 91.30434782608695, "percent_covered_display": "91", "missing_lines": 2, "excluded_lines": 0}, "missing_lines": [29, 57], "excluded_lines": [], "functions": {"NeuraError.__init__": {"executed_lines": [20, 21, 22], "summary": {"covered_lines": 3, "num_statements": 3, "percent_covered": 100.0, "percent_covered_display": "100", "missing_lines": 0, "excluded_lines": 0}, "missing_lines": [], "excluded_lines": []}, "NeuraError.__str__": {"executed_lines": [26, 27, 28], "summary": {"covered_lines": 3, "num_statements": 4, "percent_covered": 75.0, "percent_covered_display": "75", "missing_lines": 1, "excluded_lines": 0}, "missing_lines": [29], "excluded_lines": []}, "ConfigError.user_friendly_message": {"executed_lines": [], "summary": {"covered_lines": 0, "num_statements": 1, "percent_covered": 0.0, "percent_covered_display": "0", "missing_lines": 1, "excluded_lines": 0}, "missing_lines": [57], "excluded_lines": []}, "": {"executed_lines": [1, 9, 10, 12, 24, 35, 36, 38, 41, 42, 44, 47, 48, 50, 53, 55, 60, 61, 63, 66, 67, 69], "summary": {"covered_lines": 15, "num_statements": 15, "percent_covered": 100.0, "percent_covered_display": "100", "missing_lines": 0, "excluded_lines": 0}, "missing_lines": [], "excluded_lines": []}}, "classes": {"NeuraError": {"executed_lines": [20, 21, 22, 26, 27, 28], "summary": {"covered_lines": 6, "num_statements": 7, "percent_covered": 85.71428571428571, "percent_covered_display": "86", "missing_lines": 1, "excluded_lines": 0}, "missing_lines": [29], "excluded_lines": []}, "CoreError": {"executed_lines": [], "summary": {"covered_lines": 0, "num_statements": 0, "percent_covered": 100.0, "percent_covered_display": "100", "missing_lines": 0, "excluded_lines": 0}, "missing_lines": [], "excluded_lines": []}, "APIError": {"executed_lines": [], "summary": {"covered_lines": 0, "num_statements": 0, "percent_covered": 100.0, "percent_covered_display": "100", "missing_lines": 0, "excluded_lines": 0}, "missing_lines": [], "excluded_lines": []}, "EventBusError": {"executed_lines": [], "summary": {"covered_lines": 0, "num_statements": 0, "percent_covered": 100.0, "percent_covered_display": "100", "missing_lines": 0, "excluded_lines": 0}, "missing_lines": [], "excluded_lines": []}, "ConfigError": {"executed_lines": [], "summary": {"covered_lines": 0, "num_statements": 1, "percent_covered": 0.0, "percent_covered_display": "0", "missing_lines": 1, "excluded_lines": 0}, "missing_lines": [57], "excluded_lines": []}, "VoiceError": {"executed_lines": [], "summary": {"covered_lines": 0, "num_statements": 0, "percent_covered": 100.0, "percent_covered_display": "100", "missing_lines": 0, "excluded_lines": 0}, "missing_lines": [], "excluded_lines": []}, "MotorError": {"executed_lines": [], "summary": {"covered_lines": 0, "num_statements": 0, "percent_covered": 100.0, "percent_covered_display": "100", "missing_lines": 0, "excluded_lines": 0}, "missing_lines": [], "excluded_lines": []}, "": {"executed_lines": [1, 9, 10, 12, 24, 35, 36, 38, 41, 42, 44, 47, 48, 50, 53, 55, 60, 61, 63, 66, 67, 69], "summary": {"covered_lines": 15, "num_statements": 15, "percent_covered": 100.0, "percent_covered_display": "100", "missing_lines": 0, "excluded_lines": 0}, "missing_lines": [], "excluded_lines": []}}}, "neura/core/personality.py": {"executed_lines": [], "summary": {"covered_lines": 0, "num_statements": 74, "percent_covered": 0.0, "percent_covered_display": "0", "missing_lines": 74, "excluded_lines": 0}, "missing_lines": [7, 8, 9, 11, 14, 16, 17, 18, 19, 20, 21, 22, 23, 26, 44, 111, 113, 120, 122, 132, 133, 134, 135, 136, 137, 139, 140, 142, 153, 155, 156, 158, 160, 171, 174, 176, 177, 179, 181, 183, 186, 187, 188, 189, 190, 191, 192, 193, 194, 195, 197, 199, 209, 211, 212, 214, 216, 227, 228, 230, 232, 244, 245, 248, 249, 250, 251, 252, 254, 258, 261, 264, 265, 266], "excluded_lines": [], "functions": {"NeuraPersonality.__init__": {"executed_lines": [], "summary": {"covered_lines": 0, "num_statements": 2, "percent_covered": 0.0, "percent_covered_display": "0", "missing_lines": 2, "excluded_lines": 0}, "missing_lines": [113, 120], "excluded_lines": []}, "NeuraPersonality.get_response": {"executed_lines": [], "summary": {"covered_lines": 0, "num_statements": 8, "percent_covered": 0.0, "percent_covered_display": "0", "missing_lines": 8, "excluded_lines": 0}, "missing_lines": [132, 133, 134, 135, 136, 137, 139, 140], "excluded_lines": []}, "NeuraPersonality.format_success": {"executed_lines": [], "summary": {"covered_lines": 0, "num_statements": 4, "percent_covered": 0.0, "percent_covered_display": "0", "missing_lines": 4, "excluded_lines": 0}, "missing_lines": [153, 155, 156, 158], "excluded_lines": []}, "NeuraPersonality.format_error": {"executed_lines": [], "summary": {"covered_lines": 0, "num_statements": 5, "percent_covered": 0.0, "percent_covered_display": "0", "missing_lines": 5, "excluded_lines": 0}, "missing_lines": [171, 174, 176, 177, 179], "excluded_lines": []}, "NeuraPersonality._make_friendly": {"executed_lines": [], "summary": {"covered_lines": 0, "num_statements": 12, "percent_covered": 0.0, "percent_covered_display": "0", "missing_lines": 12, "excluded_lines": 0}, "missing_lines": [183, 186, 187, 188, 189, 190, 191, 192, 193, 194, 195, 197], "excluded_lines": []}, "NeuraPersonality.format_thinking": {"executed_lines": [], "summary": {"covered_lines": 0, "num_statements": 4, "percent_covered": 0.0, "percent_covered_display": "0", "missing_lines": 4, "excluded_lines": 0}, "missing_lines": [209, 211, 212, 214], "excluded_lines": []}, "NeuraPersonality.format_confirmation": {"executed_lines": [], "summary": {"covered_lines": 0, "num_statements": 3, "percent_covered": 0.0, "percent_covered_display": "0", "missing_lines": 3, "excluded_lines": 0}, "missing_lines": [227, 228, 230], "excluded_lines": []}, "NeuraPersonality.contextualize_response": {"executed_lines": [], "summary": {"covered_lines": 0, "num_statements": 8, "percent_covered": 0.0, "percent_covered_display": "0", "missing_lines": 8, "excluded_lines": 0}, "missing_lines": [244, 245, 248, 249, 250, 251, 252, 254], "excluded_lines": []}, "get_personality": {"executed_lines": [], "summary": {"covered_lines": 0, "num_statements": 3, "percent_covered": 0.0, "percent_covered_display": "0", "missing_lines": 3, "excluded_lines": 0}, "missing_lines": [264, 265, 266], "excluded_lines": []}, "": {"executed_lines": [], "summary": {"covered_lines": 0, "num_statements": 25, "percent_covered": 0.0, "percent_covered_display": "0", "missing_lines": 25, "excluded_lines": 0}, "missing_lines": [7, 8, 9, 11, 14, 16, 17, 18, 19, 20, 21, 22, 23, 26, 44, 111, 122, 142, 160, 181, 199, 216, 232, 258, 261], "excluded_lines": []}}, "classes": {"ResponseCategory": {"executed_lines": [], "summary": {"covered_lines": 0, "num_statements": 0, "percent_covered": 100.0, "percent_covered_display": "100", "missing_lines": 0, "excluded_lines": 0}, "missing_lines": [], "excluded_lines": []}, "NeuraPersonality": {"executed_lines": [], "summary": {"covered_lines": 0, "num_statements": 46, "percent_covered": 0.0, "percent_covered_display": "0", "missing_lines": 46, "excluded_lines": 0}, "missing_lines": [113, 120, 132, 133, 134, 135, 136, 137, 139, 140, 153, 155, 156, 158, 171, 174, 176, 177, 179, 183, 186, 187, 188, 189, 190, 191, 192, 193, 194, 195, 197, 209, 211, 212, 214, 227, 228, 230, 244, 245, 248, 249, 250, 251, 252, 254], "excluded_lines": []}, "": {"executed_lines": [], "summary": {"covered_lines": 0, "num_statements": 28, "percent_covered": 0.0, "percent_covered_display": "0", "missing_lines": 28, "excluded_lines": 0}, "missing_lines": [7, 8, 9, 11, 14, 16, 17, 18, 19, 20, 21, 22, 23, 26, 44, 111, 122, 142, 160, 181, 199, 216, 232, 258, 261, 264, 265, 266], "excluded_lines": []}}}, "neura/core/proactive.py": {"executed_lines": [], "summary": {"covered_lines": 0, "num_statements": 96, "percent_covered": 0.0, "percent_covered_display": "0", "missing_lines": 96, "excluded_lines": 0}, "missing_lines": [7, 8, 9, 11, 12, 14, 17, 18, 20, 21, 22, 23, 24, 27, 40, 42, 43, 44, 45, 46, 48, 55, 56, 59, 60, 61, 64, 65, 66, 69, 70, 71, 74, 75, 76, 79, 81, 83, 86, 87, 88, 90, 91, 93, 94, 96, 98, 106, 107, 109, 117, 119, 122, 123, 124, 127, 131, 133, 135, 143, 145, 148, 149, 152, 153, 155, 163, 165, 167, 168, 173, 175, 183, 194, 195, 198, 201, 202, 204, 206, 217, 218, 219, 220, 221, 222, 223, 224, 225, 226, 228, 232, 235, 238, 239, 240], "excluded_lines": [], "functions": {"ProactiveEngine.__init__": {"executed_lines": [], "summary": {"covered_lines": 0, "num_statements": 5, "percent_covered": 0.0, "percent_covered_display": "0", "missing_lines": 5, "excluded_lines": 0}, "missing_lines": [42, 43, 44, 45, 46], "excluded_lines": []}, "ProactiveEngine.get_suggestions": {"executed_lines": [], "summary": {"covered_lines": 0, "num_statements": 16, "percent_covered": 0.0, "percent_covered_display": "0", "missing_lines": 16, "excluded_lines": 0}, "missing_lines": [55, 56, 59, 60, 61, 64, 65, 66, 69, 70, 71, 74, 75, 76, 79, 81], "excluded_lines": []}, "ProactiveEngine._check_battery": {"executed_lines": [], "summary": {"covered_lines": 0, "num_statements": 13, "percent_covered": 0.0, "percent_covered_display": "0", "missing_lines": 13, "excluded_lines": 0}, "missing_lines": [86, 87, 88, 90, 91, 93, 94, 96, 98, 106, 107, 109, 117], "excluded_lines": []}, "ProactiveEngine._check_break_needed": {"executed_lines": [], "summary": {"covered_lines": 0, "num_statements": 8, "percent_covered": 0.0, "percent_covered_display": "0", "missing_lines": 8, "excluded_lines": 0}, "missing_lines": [122, 123, 124, 127, 131, 133, 135, 143], "excluded_lines": []}, "ProactiveEngine._check_morning_briefing": {"executed_lines": [], "summary": {"covered_lines": 0, "num_statements": 6, "percent_covered": 0.0, "percent_covered_display": "0", "missing_lines": 6, "excluded_lines": 0}, "missing_lines": [148, 149, 152, 153, 155, 163], "excluded_lines": []}, "ProactiveEngine._check_calendar": {"executed_lines": [], "summary": {"covered_lines": 0, "num_statements": 4, "percent_covered": 0.0, "percent_covered_display": "0", "missing_lines": 4, "excluded_lines": 0}, "missing_lines": [167, 168, 173, 175], "excluded_lines": []}, "ProactiveEngine.should_interrupt": {"executed_lines": [], "summary": {"covered_lines": 0, "num_statements": 6, "percent_covered": 0.0, "percent_covered_display": "0", "missing_lines": 6, "excluded_lines": 0}, "missing_lines": [194, 195, 198, 201, 202, 204], "excluded_lines": []}, "ProactiveEngine.format_suggestion": {"executed_lines": [], "summary": {"covered_lines": 0, "num_statements": 11, "percent_covered": 0.0, "percent_covered_display": "0", "missing_lines": 11, "excluded_lines": 0}, "missing_lines": [217, 218, 219, 220, 221, 222, 223, 224, 225, 226, 228], "excluded_lines": []}, "get_proactive_engine": {"executed_lines": [], "summary": {"covered_lines": 0, "num_statements": 3, "percent_covered": 0.0, "percent_covered_display": "0", "missing_lines": 3, "excluded_lines": 0}, "missing_lines": [238, 239, 240], "excluded_lines": []}, "": {"executed_lines": [], "summary": {"covered_lines": 0, "num_statements": 24, "percent_covered": 0.0, "percent_covered_display": "0", "missing_lines": 24, "excluded_lines": 0}, "missing_lines": [7, 8, 9, 11, 12, 14, 17, 18, 20, 21, 22, 23, 24, 27, 40, 48, 83, 119, 145, 165, 183, 206, 232, 235], "excluded_lines": []}}, "classes": {"Suggestion": {"executed_lines": [], "summary": {"covered_lines": 0, "num_statements": 0, "percent_covered": 100.0, "percent_covered_display": "100", "missing_lines": 0, "excluded_lines": 0}, "missing_lines": [], "excluded_lines": []}, "ProactiveEngine": {"executed_lines": [], "summary": {"covered_lines": 0, "num_statements": 69, "percent_covered": 0.0, "percent_covered_display": "0", "missing_lines": 69, "excluded_lines": 0}, "missing_lines": [42, 43, 44, 45, 46, 55, 56, 59, 60, 61, 64, 65, 66, 69, 70, 71, 74, 75, 76, 79, 81, 86, 87, 88, 90, 91, 93, 94, 96, 98, 106, 107, 109, 117, 122, 123, 124, 127, 131, 133, 135, 143, 148, 149, 152, 153, 155, 163, 167, 168, 173, 175, 194, 195, 198, 201, 202, 204, 217, 218, 219, 220, 221, 222, 223, 224, 225, 226, 228], "excluded_lines": []}, "": {"executed_lines": [], "summary": {"covered_lines": 0, "num_statements": 27, "percent_covered": 0.0, "percent_covered_display": "0", "missing_lines": 27, "excluded_lines": 0}, "missing_lines": [7, 8, 9, 11, 12, 14, 17, 18, 20, 21, 22, 23, 24, 27, 40, 48, 83, 119, 145, 165, 183, 206, 232, 235, 238, 239, 240], "excluded_lines": []}}}, "neura/core/types.py": {"executed_lines": [1, 8, 9, 10, 11, 13, 16, 17, 19, 20, 23, 24, 25, 42, 43, 44, 46, 47, 49, 51, 52, 54, 56, 58, 60, 62, 64, 71, 72, 73, 76, 77, 78, 91, 92, 93, 94, 96, 97, 99, 107, 108, 109, 116, 117, 118, 121, 122, 123, 126, 127], "summary": {"covered_lines": 46, "num_statements": 46, "percent_covered": 100.0, "percent_covered_display": "100", "missing_lines": 0, "excluded_lines": 0}, "missing_lines": [], "excluded_lines": [], "functions": {"Result.success": {"executed_lines": [49], "summary": {"covered_lines": 1, "num_statements": 1, "percent_covered": 100.0, "percent_covered_display": "100", "missing_lines": 0, "excluded_lines": 0}, "missing_lines": [], "excluded_lines": []}, "Result.failure": {"executed_lines": [54], "summary": {"covered_lines": 1, "num_statements": 1, "percent_covered": 100.0, "percent_covered_display": "100", "missing_lines": 0, "excluded_lines": 0}, "missing_lines": [], "excluded_lines": []}, "Result.is_success": {"executed_lines": [58], "summary": {"covered_lines": 1, "num_statements": 1, "percent_covered": 100.0, "percent_covered_display": "100", "missing_lines": 0, "excluded_lines": 0}, "missing_lines": [], "excluded_lines": []}, "Result.is_failure": {"executed_lines": [62], "summary": {"covered_lines": 1, "num_statements": 1, "percent_covered": 100.0, "percent_covered_display": "100", "missing_lines": 0, "excluded_lines": 0}, "missing_lines": [], "excluded_lines": []}, "Result.unwrap": {"executed_lines": [71, 72, 73], "summary": {"covered_lines": 3, "num_statements": 3, "percent_covered": 100.0, "percent_covered_display": "100", "missing_lines": 0, "excluded_lines": 0}, "missing_lines": [], "excluded_lines": []}, "Event.create": {"executed_lines": [99], "summary": {"covered_lines": 1, "num_statements": 1, "percent_covered": 100.0, "percent_covered_display": "100", "missing_lines": 0, "excluded_lines": 0}, "missing_lines": [], "excluded_lines": []}, "": {"executed_lines": [1, 8, 9, 10, 11, 13, 16, 17, 19, 20, 23, 24, 25, 42, 43, 44, 46, 47, 51, 52, 56, 60, 64, 76, 77, 78, 91, 92, 93, 94, 96, 97, 107, 108, 109, 116, 117, 118, 121, 122, 123, 126, 127], "summary": {"covered_lines": 38, "num_statements": 38, "percent_covered": 100.0, "percent_covered_display": "100", "missing_lines": 0, "excluded_lines": 0}, "missing_lines": [], "excluded_lines": []}}, "classes": {"ResultStatus": {"executed_lines": [], "summary": {"covered_lines": 0, "num_statements": 0, "percent_covered": 100.0, "percent_covered_display": "100", "missing_lines": 0, "excluded_lines": 0}, "missing_lines": [], "excluded_lines": []}, "Result": {"executed_lines": [49, 54, 58, 62, 71, 72, 73], "summary": {"covered_lines": 7, "num_statements": 7, "percent_covered": 100.0, "percent_covered_display": "100", "missing_lines": 0, "excluded_lines": 0}, "missing_lines": [], "excluded_lines": []}, "Event": {"executed_lines": [99], "summary": {"covered_lines": 1, "num_statements": 1, "percent_covered": 100.0, "percent_covered_display": "100", "missing_lines": 0, "excluded_lines": 0}, "missing_lines": [], "excluded_lines": []}, "Config": {"executed_lines": [], "summary": {"covered_lines": 0, "num_statements": 0, "percent_covered": 100.0, "percent_covered_display": "100", "missing_lines": 0, "excluded_lines": 0}, "missing_lines": [], "excluded_lines": []}, "": {"executed_lines": [1, 8, 9, 10, 11, 13, 16, 17, 19, 20, 23, 24, 25, 42, 43, 44, 46, 47, 51, 52, 56, 60, 64, 76, 77, 78, 91, 92, 93, 94, 96, 97, 107, 108, 109, 116, 117, 118, 121, 122, 123, 126, 127], "summary": {"covered_lines": 38, "num_statements": 38, "percent_covered": 100.0, "percent_covered_display": "100", "missing_lines": 0, "excluded_lines": 0}, "missing_lines": [], "excluded_lines": []}}}, "neura/core/why_journal.py": {"executed_lines": [1, 7, 8, 9, 10, 12, 14, 17, 18, 20, 21, 22, 23, 24, 25, 26, 27, 30, 31, 33, 34, 35, 36, 37, 38, 41, 42, 52, 59, 60, 62, 91, 92, 93, 95, 96, 98, 99, 100, 101, 104, 105, 106, 109, 110, 112, 113, 115, 116, 118, 119, 122, 132, 135, 136, 142, 143, 149, 159, 162, 163, 164, 165, 166, 167, 168, 173, 174, 186, 217, 224, 226, 227, 228, 229, 232, 233, 234, 237, 238, 239, 241, 250, 296, 299, 315], "summary": {"covered_lines": 82, "num_statements": 148, "percent_covered": 55.4054054054054, "percent_covered_display": "55", "missing_lines": 66, "excluded_lines": 0}, "missing_lines": [102, 138, 139, 140, 145, 146, 147, 169, 170, 175, 176, 177, 180, 181, 182, 183, 184, 193, 195, 204, 205, 206, 207, 210, 211, 212, 213, 215, 261, 263, 264, 265, 266, 267, 269, 270, 272, 273, 274, 276, 277, 278, 280, 281, 284, 285, 287, 288, 290, 291, 292, 310, 311, 312, 336, 338, 339, 342, 343, 346, 358, 359, 360, 362, 363, 364], "excluded_lines": [], "functions": {"WHYJournalQuery.__init__": {"executed_lines": [59, 60], "summary": {"covered_lines": 2, "num_statements": 2, "percent_covered": 100.0, "percent_covered_display": "100", "missing_lines": 0, "excluded_lines": 0}, "missing_lines": [], "excluded_lines": []}, "WHYJournalQuery.query": {"executed_lines": [91, 92, 93, 95, 96, 98, 99, 100, 101, 104, 105, 106, 109, 110, 112, 113, 115, 116, 118, 119, 122, 132, 135, 136, 142, 143], "summary": {"covered_lines": 26, "num_statements": 33, "percent_covered": 78.78787878787878, "percent_covered_display": "79", "missing_lines": 7, "excluded_lines": 0}, "missing_lines": [102, 138, 139, 140, 145, 146, 147], "excluded_lines": []}, "WHYJournalQuery._parse_since": {"executed_lines": [159, 162, 163, 164, 165, 166, 167, 168, 173, 174], "summary": {"covered_lines": 10, "num_statements": 20, "percent_covered": 50.0, "percent_covered_display": "50", "missing_lines": 10, "excluded_lines": 0}, "missing_lines": [169, 170, 175, 176, 177, 180, 181, 182, 183, 184], "excluded_lines": []}, "WHYJournalQuery.stats": {"executed_lines": [], "summary": {"covered_lines": 0, "num_statements": 11, "percent_covered": 0.0, "percent_covered_display": "0", "missing_lines": 11, "excluded_lines": 0}, "missing_lines": [193, 195, 204, 205, 206, 207, 210, 211, 212, 213, 215], "excluded_lines": []}, "WHYJournalQuery.get_stats": {"executed_lines": [224, 226, 227, 228, 229, 232, 233, 234, 237, 238, 239, 241], "summary": {"covered_lines": 12, "num_statements": 12, "percent_covered": 100.0, "percent_covered_display": "100", "missing_lines": 0, "excluded_lines": 0}, "missing_lines": [], "excluded_lines": []}, "WHYJournalQuery.export": {"executed_lines": [], "summary": {"covered_lines": 0, "num_statements": 23, "percent_covered": 0.0, "percent_covered_display": "0", "missing_lines": 23, "excluded_lines": 0}, "missing_lines": [261, 263, 264, 265, 266, 267, 269, 270, 272, 273, 274, 276, 277, 278, 280, 281, 284, 285, 287, 288, 290, 291, 292], "excluded_lines": []}, "get_why_journal": {"executed_lines": [], "summary": {"covered_lines": 0, "num_statements": 3, "percent_covered": 0.0, "percent_covered_display": "0", "missing_lines": 3, "excluded_lines": 0}, "missing_lines": [310, 311, 312], "excluded_lines": []}, "log_action": {"executed_lines": [], "summary": {"covered_lines": 0, "num_statements": 12, "percent_covered": 0.0, "percent_covered_display": "0", "missing_lines": 12, "excluded_lines": 0}, "missing_lines": [336, 338, 339, 342, 343, 346, 358, 359, 360, 362, 363, 364], "excluded_lines": []}, "": {"executed_lines": [1, 7, 8, 9, 10, 12, 14, 17, 18, 20, 21, 22, 23, 24, 25, 26, 27, 30, 31, 33, 34, 35, 36, 37, 38, 41, 42, 52, 62, 149, 186, 217, 250, 296, 299, 315], "summary": {"covered_lines": 32, "num_statements": 32, "percent_covered": 100.0, "percent_covered_display": "100", "missing_lines": 0, "excluded_lines": 0}, "missing_lines": [], "excluded_lines": []}}, "classes": {"WHYEntry": {"executed_lines": [], "summary": {"covered_lines": 0, "num_statements": 0, "percent_covered": 100.0, "percent_covered_display": "100", "missing_lines": 0, "excluded_lines": 0}, "missing_lines": [], "excluded_lines": []}, "WHYStats": {"executed_lines": [], "summary": {"covered_lines": 0, "num_statements": 0, "percent_covered": 100.0, "percent_covered_display": "100", "missing_lines": 0, "excluded_lines": 0}, "missing_lines": [], "excluded_lines": []}, "WHYJournalQuery": {"executed_lines": [59, 60, 91, 92, 93, 95, 96, 98, 99, 100, 101, 104, 105, 106, 109, 110, 112, 113, 115, 116, 118, 119, 122, 132, 135, 136, 142, 143, 159, 162, 163, 164, 165, 166, 167, 168, 173, 174, 224, 226, 227, 228, 229, 232, 233, 234, 237, 238, 239, 241], "summary": {"covered_lines": 50, "num_statements": 101, "percent_covered": 49.504950495049506, "percent_covered_display": "50", "missing_lines": 51, "excluded_lines": 0}, "missing_lines": [102, 138, 139, 140, 145, 146, 147, 169, 170, 175, 176, 177, 180, 181, 182, 183, 184, 193, 195, 204, 205, 206, 207, 210, 211, 212, 213, 215, 261, 263, 264, 265, 266, 267, 269, 270, 272, 273, 274, 276, 277, 278, 280, 281, 284, 285, 287, 288, 290, 291, 292], "excluded_lines": []}, "": {"executed_lines": [1, 7, 8, 9, 10, 12, 14, 17, 18, 20, 21, 22, 23, 24, 25, 26, 27, 30, 31, 33, 34, 35, 36, 37, 38, 41, 42, 52, 62, 149, 186, 217, 250, 296, 299, 315], "summary": {"covered_lines": 32, "num_statements": 47, "percent_covered": 68.08510638297872, "percent_covered_display": "68", "missing_lines": 15, "excluded_lines": 0}, "missing_lines": [310, 311, 312, 336, 338, 339, 342, 343, 346, 358, 359, 360, 362, 363, 364], "excluded_lines": []}}}, "neura/core/why_router.py": {"executed_lines": [1, 7, 9, 10, 11, 13, 15, 17, 20, 21, 23, 24, 25, 26, 27, 28, 29, 30, 33, 34, 36, 37, 38, 39, 40, 41, 44, 45, 81, 82, 110, 111, 156, 157], "summary": {"covered_lines": 31, "num_statements": 82, "percent_covered": 37.80487804878049, "percent_covered_display": "38", "missing_lines": 51, "excluded_lines": 0}, "missing_lines": [58, 59, 60, 62, 76, 77, 78, 88, 89, 90, 92, 93, 94, 96, 105, 106, 107, 119, 120, 121, 124, 125, 135, 151, 152, 153, 169, 170, 171, 173, 174, 176, 189, 190, 191, 194, 195, 197, 198, 199, 209, 210, 212, 213, 226, 227, 228, 230, 236, 237, 238], "excluded_lines": [], "functions": {"list_entries": {"executed_lines": [], "summary": {"covered_lines": 0, "num_statements": 7, "percent_covered": 0.0, "percent_covered_display": "0", "missing_lines": 7, "excluded_lines": 0}, "missing_lines": [58, 59, 60, 62, 76, 77, 78], "excluded_lines": []}, "get_stats": {"executed_lines": [], "summary": {"covered_lines": 0, "num_statements": 10, "percent_covered": 0.0, "percent_covered_display": "0", "missing_lines": 10, "excluded_lines": 0}, "missing_lines": [88, 89, 90, 92, 93, 94, 96, 105, 106, 107], "excluded_lines": []}, "search_entries": {"executed_lines": [], "summary": {"covered_lines": 0, "num_statements": 9, "percent_covered": 0.0, "percent_covered_display": "0", "missing_lines": 9, "excluded_lines": 0}, "missing_lines": [119, 120, 121, 124, 125, 135, 151, 152, 153], "excluded_lines": []}, "export_journal": {"executed_lines": [], "summary": {"covered_lines": 0, "num_statements": 25, "percent_covered": 0.0, "percent_covered_display": "0", "missing_lines": 25, "excluded_lines": 0}, "missing_lines": [169, 170, 171, 173, 174, 176, 189, 190, 191, 194, 195, 197, 198, 199, 209, 210, 212, 213, 226, 227, 228, 230, 236, 237, 238], "excluded_lines": []}, "": {"executed_lines": [1, 7, 9, 10, 11, 13, 15, 17, 20, 21, 23, 24, 25, 26, 27, 28, 29, 30, 33, 34, 36, 37, 38, 39, 40, 41, 44, 45, 81, 82, 110, 111, 156, 157], "summary": {"covered_lines": 31, "num_statements": 31, "percent_covered": 100.0, "percent_covered_display": "100", "missing_lines": 0, "excluded_lines": 0}, "missing_lines": [], "excluded_lines": []}}, "classes": {"WHYEntryResponse": {"executed_lines": [], "summary": {"covered_lines": 0, "num_statements": 0, "percent_covered": 100.0, "percent_covered_display": "100", "missing_lines": 0, "excluded_lines": 0}, "missing_lines": [], "excluded_lines": []}, "WHYStatsResponse": {"executed_lines": [], "summary": {"covered_lines": 0, "num_statements": 0, "percent_covered": 100.0, "percent_covered_display": "100", "missing_lines": 0, "excluded_lines": 0}, "missing_lines": [], "excluded_lines": []}, "": {"executed_lines": [1, 7, 9, 10, 11, 13, 15, 17, 20, 21, 23, 24, 25, 26, 27, 28, 29, 30, 33, 34, 36, 37, 38, 39, 40, 41, 44, 45, 81, 82, 110, 111, 156, 157], "summary": {"covered_lines": 31, "num_statements": 82, "percent_covered": 37.80487804878049, "percent_covered_display": "38", "missing_lines": 51, "excluded_lines": 0}, "missing_lines": [58, 59, 60, 62, 76, 77, 78, 88, 89, 90, 92, 93, 94, 96, 105, 106, 107, 119, 120, 121, 124, 125, 135, 151, 152, 153, 169, 170, 171, 173, 174, 176, 189, 190, 191, 194, 195, 197, 198, 199, 209, 210, 212, 213, 226, 227, 228, 230, 236, 237, 238], "excluded_lines": []}}}, "neura/cortex/__init__.py": {"executed_lines": [1, 10, 11, 12, 20], "summary": {"covered_lines": 4, "num_statements": 4, "percent_covered": 100.0, "percent_covered_display": "100", "missing_lines": 0, "excluded_lines": 0}, "missing_lines": [], "excluded_lines": [], "functions": {"": {"executed_lines": [1, 10, 11, 12, 20], "summary": {"covered_lines": 4, "num_statements": 4, "percent_covered": 100.0, "percent_covered_display": "100", "missing_lines": 0, "excluded_lines": 0}, "missing_lines": [], "excluded_lines": []}}, "classes": {"": {"executed_lines": [1, 10, 11, 12, 20], "summary": {"covered_lines": 4, "num_statements": 4, "percent_covered": 100.0, "percent_covered_display": "100", "missing_lines": 0, "excluded_lines": 0}, "missing_lines": [], "excluded_lines": []}}}, "neura/cortex/engine.py": {"executed_lines": [1, 8, 9, 11, 13, 14, 15, 23, 26, 27, 40, 47, 48, 49, 51, 56, 72, 74, 77, 78, 79, 80, 81, 84, 95, 100, 105, 106, 107, 108, 110, 113, 114, 116, 124, 127, 128, 138, 140, 141, 142, 143, 155, 173, 175, 178, 179, 180, 181, 184, 195, 198, 203, 204, 205, 206, 209, 210, 213, 214, 216, 217, 218, 219, 221, 223, 224, 233, 239, 244, 251, 252, 253, 255, 260, 261, 270, 271, 278, 285, 287, 289, 290, 295, 296, 298, 304, 305, 306, 313, 316, 327, 328, 331, 332, 335], "summary": {"covered_lines": 94, "num_statements": 124, "percent_covered": 75.80645161290323, "percent_covered_display": "76", "missing_lines": 30, "excluded_lines": 0}, "missing_lines": [53, 54, 145, 146, 147, 148, 150, 151, 152, 153, 207, 211, 235, 236, 237, 240, 241, 242, 256, 257, 258, 273, 274, 275, 276, 292, 330, 338, 339, 340], "excluded_lines": [], "functions": {"OllamaClient.__init__": {"executed_lines": [47, 48, 49], "summary": {"covered_lines": 3, "num_statements": 3, "percent_covered": 100.0, "percent_covered_display": "100", "missing_lines": 0, "excluded_lines": 0}, "missing_lines": [], "excluded_lines": []}, "OllamaClient.close": {"executed_lines": [], "summary": {"covered_lines": 0, "num_statements": 2, "percent_covered": 0.0, "percent_covered_display": "0", "missing_lines": 2, "excluded_lines": 0}, "missing_lines": [53, 54], "excluded_lines": []}, "OllamaClient.generate": {"executed_lines": [72, 74, 77, 78, 79, 80, 81, 84, 95, 100, 105, 106, 107, 108, 110, 113, 114, 116, 124, 127, 128, 138, 140, 141, 142, 143], "summary": {"covered_lines": 26, "num_statements": 34, "percent_covered": 76.47058823529412, "percent_covered_display": "76", "missing_lines": 8, "excluded_lines": 0}, "missing_lines": [145, 146, 147, 148, 150, 151, 152, 153], "excluded_lines": []}, "OllamaClient.generate_stream": {"executed_lines": [173, 175, 178, 179, 180, 181, 184, 195, 198, 203, 204, 205, 206, 209, 210, 213, 214, 216, 217, 218, 219, 221, 223, 224, 233, 239], "summary": {"covered_lines": 26, "num_statements": 34, "percent_covered": 76.47058823529412, "percent_covered_display": "76", "missing_lines": 8, "excluded_lines": 0}, "missing_lines": [207, 211, 235, 236, 237, 240, 241, 242], "excluded_lines": []}, "OllamaClient.list_models": {"executed_lines": [251, 252, 253, 255, 260, 261, 270, 271], "summary": {"covered_lines": 8, "num_statements": 15, "percent_covered": 53.333333333333336, "percent_covered_display": "53", "missing_lines": 7, "excluded_lines": 0}, "missing_lines": [256, 257, 258, 273, 274, 275, 276], "excluded_lines": []}, "OllamaClient.check_status": {"executed_lines": [285, 287, 289, 290, 295, 296, 298, 304, 305, 306], "summary": {"covered_lines": 10, "num_statements": 11, "percent_covered": 90.9090909090909, "percent_covered_display": "91", "missing_lines": 1, "excluded_lines": 0}, "missing_lines": [292], "excluded_lines": []}, "get_ollama_client": {"executed_lines": [327, 328, 331, 332], "summary": {"covered_lines": 4, "num_statements": 5, "percent_covered": 80.0, "percent_covered_display": "80", "missing_lines": 1, "excluded_lines": 0}, "missing_lines": [330], "excluded_lines": []}, "close_ollama_client": {"executed_lines": [], "summary": {"covered_lines": 0, "num_statements": 3, "percent_covered": 0.0, "percent_covered_display": "0", "missing_lines": 3, "excluded_lines": 0}, "missing_lines": [338, 339, 340], "excluded_lines": []}, "": {"executed_lines": [1, 8, 9, 11, 13, 14, 15, 23, 26, 27, 40, 51, 56, 155, 244, 278, 313, 316, 335], "summary": {"covered_lines": 17, "num_statements": 17, "percent_covered": 100.0, "percent_covered_display": "100", "missing_lines": 0, "excluded_lines": 0}, "missing_lines": [], "excluded_lines": []}}, "classes": {"OllamaClient": {"executed_lines": [47, 48, 49, 72, 74, 77, 78, 79, 80, 81, 84, 95, 100, 105, 106, 107, 108, 110, 113, 114, 116, 124, 127, 128, 138, 140, 141, 142, 143, 173, 175, 178, 179, 180, 181, 184, 195, 198, 203, 204, 205, 206, 209, 210, 213, 214, 216, 217, 218, 219, 221, 223, 224, 233, 239, 251, 252, 253, 255, 260, 261, 270, 271, 285, 287, 289, 290, 295, 296, 298, 304, 305, 306], "summary": {"covered_lines": 73, "num_statements": 99, "percent_covered": 73.73737373737374, "percent_covered_display": "74", "missing_lines": 26, "excluded_lines": 0}, "missing_lines": [53, 54, 145, 146, 147, 148, 150, 151, 152, 153, 207, 211, 235, 236, 237, 240, 241, 242, 256, 257, 258, 273, 274, 275, 276, 292], "excluded_lines": []}, "": {"executed_lines": [1, 8, 9, 11, 13, 14, 15, 23, 26, 27, 40, 51, 56, 155, 244, 278, 313, 316, 327, 328, 331, 332, 335], "summary": {"covered_lines": 21, "num_statements": 25, "percent_covered": 84.0, "percent_covered_display": "84", "missing_lines": 4, "excluded_lines": 0}, "missing_lines": [330, 338, 339, 340], "excluded_lines": []}}}, "neura/cortex/router.py": {"executed_lines": [1, 7, 9, 10, 12, 13, 14, 22, 25, 28, 29, 49, 52, 53, 59, 62, 83, 85, 86, 87, 89, 92, 93, 147, 148, 163, 165, 166, 168, 170, 174, 177, 178, 190, 192, 193, 195, 196, 199, 200, 207], "summary": {"covered_lines": 40, "num_statements": 69, "percent_covered": 57.971014492753625, "percent_covered_display": "58", "missing_lines": 29, "excluded_lines": 0}, "missing_lines": [64, 66, 67, 68, 69, 71, 72, 73, 74, 75, 77, 111, 114, 117, 118, 122, 124, 126, 127, 128, 129, 131, 132, 133, 134, 135, 137, 171, 172], "excluded_lines": [], "functions": {"generate_text": {"executed_lines": [49, 52, 53, 59, 62, 83, 85, 86, 87, 89], "summary": {"covered_lines": 10, "num_statements": 12, "percent_covered": 83.33333333333333, "percent_covered_display": "83", "missing_lines": 2, "excluded_lines": 0}, "missing_lines": [64, 77], "excluded_lines": []}, "generate_text.generate_stream": {"executed_lines": [], "summary": {"covered_lines": 0, "num_statements": 9, "percent_covered": 0.0, "percent_covered_display": "0", "missing_lines": 9, "excluded_lines": 0}, "missing_lines": [66, 67, 68, 69, 71, 72, 73, 74, 75], "excluded_lines": []}, "stream_generate": {"executed_lines": [], "summary": {"covered_lines": 0, "num_statements": 7, "percent_covered": 0.0, "percent_covered_display": "0", "missing_lines": 7, "excluded_lines": 0}, "missing_lines": [111, 114, 117, 118, 122, 124, 137], "excluded_lines": []}, "stream_generate.generate": {"executed_lines": [], "summary": {"covered_lines": 0, "num_statements": 9, "percent_covered": 0.0, "percent_covered_display": "0", "missing_lines": 9, "excluded_lines": 0}, "missing_lines": [126, 127, 128, 129, 131, 132, 133, 134, 135], "excluded_lines": []}, "list_models": {"executed_lines": [163, 165, 166, 168, 170, 174], "summary": {"covered_lines": 6, "num_statements": 8, "percent_covered": 75.0, "percent_covered_display": "75", "missing_lines": 2, "excluded_lines": 0}, "missing_lines": [171, 172], "excluded_lines": []}, "get_status": {"executed_lines": [190, 192, 193, 195, 196], "summary": {"covered_lines": 5, "num_statements": 5, "percent_covered": 100.0, "percent_covered_display": "100", "missing_lines": 0, "excluded_lines": 0}, "missing_lines": [], "excluded_lines": []}, "cortex_info": {"executed_lines": [207], "summary": {"covered_lines": 1, "num_statements": 1, "percent_covered": 100.0, "percent_covered_display": "100", "missing_lines": 0, "excluded_lines": 0}, "missing_lines": [], "excluded_lines": []}, "": {"executed_lines": [1, 7, 9, 10, 12, 13, 14, 22, 25, 28, 29, 92, 93, 147, 148, 177, 178, 199, 200], "summary": {"covered_lines": 18, "num_statements": 18, "percent_covered": 100.0, "percent_covered_display": "100", "missing_lines": 0, "excluded_lines": 0}, "missing_lines": [], "excluded_lines": []}}, "classes": {"": {"executed_lines": [1, 7, 9, 10, 12, 13, 14, 22, 25, 28, 29, 49, 52, 53, 59, 62, 83, 85, 86, 87, 89, 92, 93, 147, 148, 163, 165, 166, 168, 170, 174, 177, 178, 190, 192, 193, 195, 196, 199, 200, 207], "summary": {"covered_lines": 40, "num_statements": 69, "percent_covered": 57.971014492753625, "percent_covered_display": "58", "missing_lines": 29, "excluded_lines": 0}, "missing_lines": [64, 66, 67, 68, 69, 71, 72, 73, 74, 75, 77, 111, 114, 117, 118, 122, 124, 126, 127, 128, 129, 131, 132, 133, 134, 135, 137, 171, 172], "excluded_lines": []}}}, "neura/cortex/types.py": {"executed_lines": [1, 7, 9, 12, 13, 15, 16, 17, 18, 19, 22, 23, 34, 35, 36, 39, 40, 41, 42, 45, 46, 57, 58, 59, 60, 61, 64, 65, 67, 68, 71, 74, 75, 77, 78, 79, 80, 83, 84, 86, 87, 88, 91, 92, 93], "summary": {"covered_lines": 38, "num_statements": 38, "percent_covered": 100.0, "percent_covered_display": "100", "missing_lines": 0, "excluded_lines": 0}, "missing_lines": [], "excluded_lines": [], "functions": {"": {"executed_lines": [1, 7, 9, 12, 13, 15, 16, 17, 18, 19, 22, 23, 34, 35, 36, 39, 40, 41, 42, 45, 46, 57, 58, 59, 60, 61, 64, 65, 67, 68, 71, 74, 75, 77, 78, 79, 80, 83, 84, 86, 87, 88, 91, 92, 93], "summary": {"covered_lines": 38, "num_statements": 38, "percent_covered": 100.0, "percent_covered_display": "100", "missing_lines": 0, "excluded_lines": 0}, "missing_lines": [], "excluded_lines": []}}, "classes": {"OllamaModel": {"executed_lines": [], "summary": {"covered_lines": 0, "num_statements": 0, "percent_covered": 100.0, "percent_covered_display": "100", "missing_lines": 0, "excluded_lines": 0}, "missing_lines": [], "excluded_lines": []}, "GenerateRequest": {"executed_lines": [], "summary": {"covered_lines": 0, "num_statements": 0, "percent_covered": 100.0, "percent_covered_display": "100", "missing_lines": 0, "excluded_lines": 0}, "missing_lines": [], "excluded_lines": []}, "GenerateResponse": {"executed_lines": [], "summary": {"covered_lines": 0, "num_statements": 0, "percent_covered": 100.0, "percent_covered_display": "100", "missing_lines": 0, "excluded_lines": 0}, "missing_lines": [], "excluded_lines": []}, "OllamaModelInfo": {"executed_lines": [], "summary": {"covered_lines": 0, "num_statements": 0, "percent_covered": 100.0, "percent_covered_display": "100", "missing_lines": 0, "excluded_lines": 0}, "missing_lines": [], "excluded_lines": []}, "OllamaStatus": {"executed_lines": [], "summary": {"covered_lines": 0, "num_statements": 0, "percent_covered": 100.0, "percent_covered_display": "100", "missing_lines": 0, "excluded_lines": 0}, "missing_lines": [], "excluded_lines": []}, "CortexConfig": {"executed_lines": [], "summary": {"covered_lines": 0, "num_statements": 0, "percent_covered": 100.0, "percent_covered_display": "100", "missing_lines": 0, "excluded_lines": 0}, "missing_lines": [], "excluded_lines": []}, "": {"executed_lines": [1, 7, 9, 12, 13, 15, 16, 17, 18, 19, 22, 23, 34, 35, 36, 39, 40, 41, 42, 45, 46, 57, 58, 59, 60, 61, 64, 65, 67, 68, 71, 74, 75, 77, 78, 79, 80, 83, 84, 86, 87, 88, 91, 92, 93], "summary": {"covered_lines": 38, "num_statements": 38, "percent_covered": 100.0, "percent_covered_display": "100", "missing_lines": 0, "excluded_lines": 0}, "missing_lines": [], "excluded_lines": []}}}, "neura/flow/__init__.py": {"executed_lines": [1, 11], "summary": {"covered_lines": 1, "num_statements": 1, "percent_covered": 100.0, "percent_covered_display": "100", "missing_lines": 0, "excluded_lines": 0}, "missing_lines": [], "excluded_lines": [], "functions": {"": {"executed_lines": [1, 11], "summary": {"covered_lines": 1, "num_statements": 1, "percent_covered": 100.0, "percent_covered_display": "100", "missing_lines": 0, "excluded_lines": 0}, "missing_lines": [], "excluded_lines": []}}, "classes": {"": {"executed_lines": [1, 11], "summary": {"covered_lines": 1, "num_statements": 1, "percent_covered": 100.0, "percent_covered_display": "100", "missing_lines": 0, "excluded_lines": 0}, "missing_lines": [], "excluded_lines": []}}}, "neura/flow/applescript_commands.py": {"executed_lines": [], "summary": {"covered_lines": 0, "num_statements": 104, "percent_covered": 0.0, "percent_covered_display": "0", "missing_lines": 104, "excluded_lines": 0}, "missing_lines": [7, 9, 10, 18, 21, 24, 26, 28, 40, 41, 43, 45, 46, 47, 48, 49, 50, 51, 52, 54, 56, 57, 58, 60, 62, 63, 65, 67, 68, 69, 71, 73, 74, 75, 76, 78, 79, 80, 81, 83, 84, 85, 87, 88, 89, 91, 92, 93, 95, 96, 97, 98, 99, 101, 102, 103, 106, 108, 110, 111, 113, 114, 115, 116, 117, 118, 121, 122, 124, 125, 126, 128, 129, 130, 131, 133, 134, 135, 138, 140, 142, 143, 144, 145, 146, 148, 149, 150, 151, 152, 155, 157, 159, 160, 161, 163, 164, 165, 167, 168, 169, 170, 171, 174], "excluded_lines": [], "functions": {"AppleScriptFlowHandler.__init__": {"executed_lines": [], "summary": {"covered_lines": 0, "num_statements": 1, "percent_covered": 0.0, "percent_covered_display": "0", "missing_lines": 1, "excluded_lines": 0}, "missing_lines": [26], "excluded_lines": []}, "AppleScriptFlowHandler.execute": {"executed_lines": [], "summary": {"covered_lines": 0, "num_statements": 15, "percent_covered": 0.0, "percent_covered_display": "0", "missing_lines": 15, "excluded_lines": 0}, "missing_lines": [40, 41, 43, 45, 46, 47, 48, 49, 50, 51, 52, 54, 56, 57, 58], "excluded_lines": []}, "AppleScriptFlowHandler._handle_finder": {"executed_lines": [], "summary": {"covered_lines": 0, "num_statements": 33, "percent_covered": 0.0, "percent_covered_display": "0", "missing_lines": 33, "excluded_lines": 0}, "missing_lines": [62, 63, 65, 67, 68, 69, 71, 73, 74, 75, 76, 78, 79, 80, 81, 83, 84, 85, 87, 88, 89, 91, 92, 93, 95, 96, 97, 98, 99, 101, 102, 103, 106], "excluded_lines": []}, "AppleScriptFlowHandler._handle_system": {"executed_lines": [], "summary": {"covered_lines": 0, "num_statements": 21, "percent_covered": 0.0, "percent_covered_display": "0", "missing_lines": 21, "excluded_lines": 0}, "missing_lines": [110, 111, 113, 114, 115, 116, 117, 118, 121, 122, 124, 125, 126, 128, 129, 130, 131, 133, 134, 135, 138], "excluded_lines": []}, "AppleScriptFlowHandler._handle_safari": {"executed_lines": [], "summary": {"covered_lines": 0, "num_statements": 11, "percent_covered": 0.0, "percent_covered_display": "0", "missing_lines": 11, "excluded_lines": 0}, "missing_lines": [142, 143, 144, 145, 146, 148, 149, 150, 151, 152, 155], "excluded_lines": []}, "AppleScriptFlowHandler._handle_notes": {"executed_lines": [], "summary": {"covered_lines": 0, "num_statements": 12, "percent_covered": 0.0, "percent_covered_display": "0", "missing_lines": 12, "excluded_lines": 0}, "missing_lines": [159, 160, 161, 163, 164, 165, 167, 168, 169, 170, 171, 174], "excluded_lines": []}, "": {"executed_lines": [], "summary": {"covered_lines": 0, "num_statements": 11, "percent_covered": 0.0, "percent_covered_display": "0", "missing_lines": 11, "excluded_lines": 0}, "missing_lines": [7, 9, 10, 18, 2
[...]
 110, 113, 115, 116, 118, 119, 121, 122, 124, 131, 132, 134, 135, 136, 137, 139, 140, 141, 154, 156, 157, 160, 161, 165, 168, 169, 170, 178, 179, 187, 188, 189, 196, 204, 205, 213], "excluded_lines": []}, "": {"executed_lines": [], "summary": {"covered_lines": 0, "num_statements": 22, "percent_covered": 0.0, "percent_covered_display": "0", "missing_lines": 22, "excluded_lines": 0}, "missing_lines": [7, 8, 9, 11, 13, 16, 17, 19, 20, 21, 22, 25, 37, 72, 76, 143, 163, 217, 220, 223, 224, 225], "excluded_lines": []}}}, "neura/voice/recorder.py": {"executed_lines": [1, 7, 8, 10, 11, 12, 14, 16, 19, 20, 31, 39, 40, 42, 44, 83, 111, 118, 119, 120], "summary": {"covered_lines": 18, "num_statements": 41, "percent_covered": 43.90243902439025, "percent_covered_display": "44", "missing_lines": 23, "excluded_lines": 0}, "missing_lines": [60, 61, 64, 72, 74, 76, 78, 79, 80, 81, 94, 96, 97, 100, 102, 104, 106, 107, 108, 109, 125, 126, 127], "excluded_lines": [], "functions": {"AudioRecorder.__init__": {"executed_lines": [39, 40, 42], "summary": {"covered_lines": 3, "num_statements": 3, "percent_covered": 100.0, "percent_covered_display": "100", "missing_lines": 0, "excluded_lines": 0}, "missing_lines": [], "excluded_lines": []}, "AudioRecorder.record": {"executed_lines": [], "summary": {"covered_lines": 0, "num_statements": 10, "percent_covered": 0.0, "percent_covered_display": "0", "missing_lines": 10, "excluded_lines": 0}, "missing_lines": [60, 61, 64, 72, 74, 76, 78, 79, 80, 81], "excluded_lines": []}, "AudioRecorder.save_wav": {"executed_lines": [], "summary": {"covered_lines": 0, "num_statements": 10, "percent_covered": 0.0, "percent_covered_display": "0", "missing_lines": 10, "excluded_lines": 0}, "missing_lines": [94, 96, 97, 100, 102, 104, 106, 107, 108, 109], "excluded_lines": []}, "AudioRecorder.get_default_device_info": {"executed_lines": [118, 119, 120], "summary": {"covered_lines": 3, "num_statements": 6, "percent_covered": 50.0, "percent_covered_display": "50", "missing_lines": 3, "excluded_lines": 0}, "missing_lines": [125, 126, 127], "excluded_lines": []}, "": {"executed_lines": [1, 7, 8, 10, 11, 12, 14, 16, 19, 20, 31, 44, 83, 111], "summary": {"covered_lines": 12, "num_statements": 12, "percent_covered": 100.0, "percent_covered_display": "100", "missing_lines": 0, "excluded_lines": 0}, "missing_lines": [], "excluded_lines": []}}, "classes": {"AudioRecorder": {"executed_lines": [39, 40, 42, 118, 119, 120], "summary": {"covered_lines": 6, "num_statements": 29, "percent_covered": 20.689655172413794, "percent_covered_display": "21", "missing_lines": 23, "excluded_lines": 0}, "missing_lines": [60, 61, 64, 72, 74, 76, 78, 79, 80, 81, 94, 96, 97, 100, 102, 104, 106, 107, 108, 109, 125, 126, 127], "excluded_lines": []}, "": {"executed_lines": [1, 7, 8, 10, 11, 12, 14, 16, 19, 20, 31, 44, 83, 111], "summary": {"covered_lines": 12, "num_statements": 12, "percent_covered": 100.0, "percent_covered_display": "100", "missing_lines": 0, "excluded_lines": 0}, "missing_lines": [], "excluded_lines": []}}}, "neura/voice/router.py": {"executed_lines": [1, 7, 8, 9, 11, 12, 14, 15, 16, 18, 20, 23, 24, 27, 35, 43, 44, 62, 63, 116, 117, 150, 151], "summary": {"covered_lines": 22, "num_statements": 64, "percent_covered": 34.375, "percent_covered_display": "34", "missing_lines": 42, "excluded_lines": 0}, "missing_lines": [30, 31, 32, 38, 39, 40, 50, 51, 53, 75, 77, 78, 86, 88, 89, 90, 91, 94, 97, 99, 100, 102, 104, 111, 112, 113, 129, 131, 132, 137, 138, 140, 141, 143, 145, 146, 147, 157, 159, 160, 162, 164], "excluded_lines": [], "functions": {"get_stt": {"executed_lines": [], "summary": {"covered_lines": 0, "num_statements": 3, "percent_covered": 0.0, "percent_covered_display": "0", "missing_lines": 3, "excluded_lines": 0}, "missing_lines": [30, 31, 32], "excluded_lines": []}, "get_tts": {"executed_lines": [], "summary": {"covered_lines": 0, "num_statements": 3, "percent_covered": 0.0, "percent_covered_display": "0", "missing_lines": 3, "excluded_lines": 0}, "missing_lines": [38, 39, 40], "excluded_lines": []}, "get_status": {"executed_lines": [], "summary": {"covered_lines": 0, "num_statements": 3, "percent_covered": 0.0, "percent_covered_display": "0", "missing_lines": 3, "excluded_lines": 0}, "missing_lines": [50, 51, 53], "excluded_lines": []}, "transcribe_audio": {"executed_lines": [], "summary": {"covered_lines": 0, "num_statements": 17, "percent_covered": 0.0, "percent_covered_display": "0", "missing_lines": 17, "excluded_lines": 0}, "missing_lines": [75, 77, 78, 86, 88, 89, 90, 91, 94, 97, 99, 100, 102, 104, 111, 112, 113], "excluded_lines": []}, "synthesize_speech": {"executed_lines": [], "summary": {"covered_lines": 0, "num_statements": 11, "percent_covered": 0.0, "percent_covered_display": "0", "missing_lines": 11, "excluded_lines": 0}, "missing_lines": [129, 131, 132, 137, 138, 140, 141, 143, 145, 146, 147], "excluded_lines": []}, "list_voices": {"executed_lines": [], "summary": {"covered_lines": 0, "num_statements": 5, "percent_covered": 0.0, "percent_covered_display": "0", "missing_lines": 5, "excluded_lines": 0}, "missing_lines": [157, 159, 160, 162, 164], "excluded_lines": []}, "": {"executed_lines": [1, 7, 8, 9, 11, 12, 14, 15, 16, 18, 20, 23, 24, 27, 35, 43, 44, 62, 63, 116, 117, 150, 151], "summary": {"covered_lines": 22, "num_statements": 22, "percent_covered": 100.0, "percent_covered_display": "100", "missing_lines": 0, "excluded_lines": 0}, "missing_lines": [], "excluded_lines": []}}, "classes": {"": {"executed_lines": [1, 7, 8, 9, 11, 12, 14, 15, 16, 18, 20, 23, 24, 27, 35, 43, 44, 62, 63, 116, 117, 150, 151], "summary": {"covered_lines": 22, "num_statements": 64, "percent_covered": 34.375, "percent_covered_display": "34", "missing_lines": 42, "excluded_lines": 0}, "missing_lines": [30, 31, 32, 38, 39, 40, 50, 51, 53, 75, 77, 78, 86, 88, 89, 90, 91, 94, 97, 99, 100, 102, 104, 111, 112, 113, 129, 131, 132, 137, 138, 140, 141, 143, 145, 146, 147, 157, 159, 160, 162, 164], "excluded_lines": []}}}, "neura/voice/stt.py": {"executed_lines": [1, 7, 8, 9, 10, 11, 13, 14, 16, 19, 20, 36, 43, 44, 46, 47, 51, 166, 168, 170], "summary": {"covered_lines": 18, "num_statements": 64, "percent_covered": 28.125, "percent_covered_display": "28", "missing_lines": 46, "excluded_lines": 0}, "missing_lines": [49, 70, 71, 72, 81, 82, 83, 85, 86, 89, 100, 101, 103, 106, 114, 115, 116, 117, 119, 120, 121, 122, 125, 127, 129, 130, 131, 132, 133, 134, 136, 137, 139, 142, 143, 144, 145, 147, 149, 158, 159, 161, 162, 163, 164, 172], "excluded_lines": [], "functions": {"WhisperSTT.__init__": {"executed_lines": [43, 44, 46, 47], "summary": {"covered_lines": 4, "num_statements": 5, "percent_covered": 80.0, "percent_covered_display": "80", "missing_lines": 1, "excluded_lines": 0}, "missing_lines": [49], "excluded_lines": []}, "WhisperSTT.transcribe": {"executed_lines": [], "summary": {"covered_lines": 0, "num_statements": 44, "percent_covered": 0.0, "percent_covered_display": "0", "missing_lines": 44, "excluded_lines": 0}, "missing_lines": [70, 71, 72, 81, 82, 83, 85, 86, 89, 100, 101, 103, 106, 114, 115, 116, 117, 119, 120, 121, 122, 125, 127, 129, 130, 131, 132, 133, 134, 136, 137, 139, 142, 143, 144, 145, 147, 149, 158, 159, 161, 162, 163, 164], "excluded_lines": []}, "WhisperSTT.is_available": {"executed_lines": [168], "summary": {"covered_lines": 1, "num_statements": 1, "percent_covered": 100.0, "percent_covered_display": "100", "missing_lines": 0, "excluded_lines": 0}, "missing_lines": [], "excluded_lines": []}, "WhisperSTT.get_supported_models": {"executed_lines": [], "summary": {"covered_lines": 0, "num_statements": 1, "percent_covered": 0.0, "percent_covered_display": "0", "missing_lines": 1, "excluded_lines": 0}, "missing_lines": [172], "excluded_lines": []}, "": {"executed_lines": [1, 7, 8, 9, 10, 11, 13, 14, 16, 19, 20, 36, 51, 166, 170], "summary": {"covered_lines": 13, "num_statements": 13, "percent_covered": 100.0, "percent_covered_display": "100", "missing_lines": 0, "excluded_lines": 0}, "missing_lines": [], "excluded_lines": []}}, "classes": {"WhisperSTT": {"executed_lines": [43, 44, 46, 47, 168], "summary": {"covered_lines": 5, "num_statements": 51, "percent_covered": 9.803921568627452, "percent_covered_display": "10", "missing_lines": 46, "excluded_lines": 0}, "missing_lines": [49, 70, 71, 72, 81, 82, 83, 85, 86, 89, 100, 101, 103, 106, 114, 115, 116, 117, 119, 120, 121, 122, 125, 127, 129, 130, 131, 132, 133, 134, 136, 137, 139, 142, 143, 144, 145, 147, 149, 158, 159, 161, 162, 163, 164, 172], "excluded_lines": []}, "": {"executed_lines": [1, 7, 8, 9, 10, 11, 13, 14, 16, 19, 20, 36, 51, 166, 170], "summary": {"covered_lines": 13, "num_statements": 13, "percent_covered": 100.0, "percent_covered_display": "100", "missing_lines": 0, "excluded_lines": 0}, "missing_lines": [], "excluded_lines": []}}}, "neura/voice/stt_python.py": {"executed_lines": [], "summary": {"covered_lines": 0, "num_statements": 44, "percent_covered": 0.0, "percent_covered_display": "0", "missing_lines": 44, "excluded_lines": 0}, "missing_lines": [7, 8, 9, 11, 12, 14, 17, 30, 37, 38, 39, 41, 42, 44, 45, 46, 47, 48, 49, 50, 52, 65, 66, 67, 76, 77, 78, 80, 81, 83, 86, 92, 93, 95, 97, 99, 105, 106, 107, 108, 110, 112, 114, 116], "excluded_lines": [], "functions": {"WhisperSTTPython.__init__": {"executed_lines": [], "summary": {"covered_lines": 0, "num_statements": 12, "percent_covered": 0.0, "percent_covered_display": "0", "missing_lines": 12, "excluded_lines": 0}, "missing_lines": [37, 38, 39, 41, 42, 44, 45, 46, 47, 48, 49, 50], "excluded_lines": []}, "WhisperSTTPython.transcribe": {"executed_lines": [], "summary": {"covered_lines": 0, "num_statements": 19, "percent_covered": 0.0, "percent_covered_display": "0", "missing_lines": 19, "excluded_lines": 0}, "missing_lines": [65, 66, 67, 76, 77, 78, 80, 81, 83, 86, 92, 93, 95, 97, 99, 105, 106, 107, 108], "excluded_lines": []}, "WhisperSTTPython.is_available": {"executed_lines": [], "summary": {"covered_lines": 0, "num_statements": 1, "percent_covered": 0.0, "percent_covered_display": "0", "missing_lines": 1, "excluded_lines": 0}, "missing_lines": [112], "excluded_lines": []}, "WhisperSTTPython.get_supported_models": {"executed_lines": [], "summary": {"covered_lines": 0, "num_statements": 1, "percent_covered": 0.0, "percent_covered_display": "0", "missing_lines": 1, "excluded_lines": 0}, "missing_lines": [116], "excluded_lines": []}, "": {"executed_lines": [], "summary": {"covered_lines": 0, "num_statements": 11, "percent_covered": 0.0, "percent_covered_display": "0", "missing_lines": 11, "excluded_lines": 0}, "missing_lines": [7, 8, 9, 11, 12, 14, 17, 30, 52, 110, 114], "excluded_lines": []}}, "classes": {"WhisperSTTPython": {"executed_lines": [], "summary": {"covered_lines": 0, "num_statements": 33, "percent_covered": 0.0, "percent_covered_display": "0", "missing_lines": 33, "excluded_lines": 0}, "missing_lines": [37, 38, 39, 41, 42, 44, 45, 46, 47, 48, 49, 50, 65, 66, 67, 76, 77, 78, 80, 81, 83, 86, 92, 93, 95, 97, 99, 105, 106, 107, 108, 112, 116], "excluded_lines": []}, "": {"executed_lines": [], "summary": {"covered_lines": 0, "num_statements": 11, "percent_covered": 0.0, "percent_covered_display": "0", "missing_lines": 11, "excluded_lines": 0}, "missing_lines": [7, 8, 9, 11, 12, 14, 17, 30, 52, 110, 114], "excluded_lines": []}}}, "neura/voice/tts.py": {"executed_lines": [1, 7, 8, 9, 10, 12, 14, 17, 18, 31, 33, 34, 36, 37, 41, 48, 50, 57, 94, 121, 134, 160, 162], "summary": {"covered_lines": 21, "num_statements": 75, "percent_covered": 28.0, "percent_covered_display": "28", "missing_lines": 54, "excluded_lines": 0}, "missing_lines": [39, 51, 53, 55, 75, 76, 78, 79, 81, 82, 83, 84, 85, 87, 89, 90, 91, 92, 98, 99, 101, 102, 104, 105, 107, 109, 111, 113, 114, 116, 117, 118, 119, 123, 124, 126, 127, 129, 130, 131, 132, 141, 142, 144, 145, 147, 148, 149, 151, 152, 154, 156, 157, 158], "excluded_lines": [], "functions": {"SystemTTS.__init__": {"executed_lines": [33, 34, 36, 37], "summary": {"covered_lines": 4, "num_statements": 5, "percent_covered": 80.0, "percent_covered_display": "80", "missing_lines": 1, "excluded_lines": 0}, "missing_lines": [39], "excluded_lines": []}, "SystemTTS._check_availability": {"executed_lines": [48, 50], "summary": {"covered_lines": 2, "num_statements": 5, "percent_covered": 40.0, "percent_covered_display": "40", "missing_lines": 3, "excluded_lines": 0}, "missing_lines": [51, 53, 55], "excluded_lines": []}, "SystemTTS.synthesize": {"executed_lines": [], "summary": {"covered_lines": 0, "num_statements": 14, "percent_covered": 0.0, "percent_covered_display": "0", "missing_lines": 14, "excluded_lines": 0}, "missing_lines": [75, 76, 78, 79, 81, 82, 83, 84, 85, 87, 89, 90, 91, 92], "excluded_lines": []}, "SystemTTS._synthesize_macos": {"executed_lines": [], "summary": {"covered_lines": 0, "num_statements": 15, "percent_covered": 0.0, "percent_covered_display": "0", "missing_lines": 15, "excluded_lines": 0}, "missing_lines": [98, 99, 101, 102, 104, 105, 107, 109, 111, 113, 114, 116, 117, 118, 119], "excluded_lines": []}, "SystemTTS._synthesize_linux": {"executed_lines": [], "summary": {"covered_lines": 0, "num_statements": 8, "percent_covered": 0.0, "percent_covered_display": "0", "missing_lines": 8, "excluded_lines": 0}, "missing_lines": [123, 124, 126, 127, 129, 130, 131, 132], "excluded_lines": []}, "SystemTTS.get_available_voices": {"executed_lines": [], "summary": {"covered_lines": 0, "num_statements": 13, "percent_covered": 0.0, "percent_covered_display": "0", "missing_lines": 13, "excluded_lines": 0}, "missing_lines": [141, 142, 144, 145, 147, 148, 149, 151, 152, 154, 156, 157, 158], "excluded_lines": []}, "SystemTTS.is_available": {"executed_lines": [162], "summary": {"covered_lines": 1, "num_statements": 1, "percent_covered": 100.0, "percent_covered_display": "100", "missing_lines": 0, "excluded_lines": 0}, "missing_lines": [], "excluded_lines": []}, "": {"executed_lines": [1, 7, 8, 9, 10, 12, 14, 17, 18, 31, 41, 57, 94, 121, 134, 160], "summary": {"covered_lines": 14, "num_statements": 14, "percent_covered": 100.0, "percent_covered_display": "100", "missing_lines": 0, "excluded_lines": 0}, "missing_lines": [], "excluded_lines": []}}, "classes": {"SystemTTS": {"executed_lines": [33, 34, 36, 37, 48, 50, 162], "summary": {"covered_lines": 7, "num_statements": 61, "percent_covered": 11.475409836065573, "percent_covered_display": "11", "missing_lines": 54, "excluded_lines": 0}, "missing_lines": [39, 51, 53, 55, 75, 76, 78, 79, 81, 82, 83, 84, 85, 87, 89, 90, 91, 92, 98, 99, 101, 102, 104, 105, 107, 109, 111, 113, 114, 116, 117, 118, 119, 123, 124, 126, 127, 129, 130, 131, 132, 141, 142, 144, 145, 147, 148, 149, 151, 152, 154, 156, 157, 158], "excluded_lines": []}, "": {"executed_lines": [1, 7, 8, 9, 10, 12, 14, 17, 18, 31, 41, 57, 94, 121, 134, 160], "summary": {"covered_lines": 14, "num_statements": 14, "percent_covered": 100.0, "percent_covered_display": "100", "missing_lines": 0, "excluded_lines": 0}, "missing_lines": [], "excluded_lines": []}}}, "neura/voice/types.py": {"executed_lines": [1, 7, 9, 12, 13, 15, 16, 17, 20, 21, 23, 24, 25, 28, 29, 32, 33, 35, 36, 37, 38, 41, 42, 44, 45, 46, 47, 50, 51, 53, 54, 55, 58, 59, 61, 62, 63, 64, 65], "summary": {"covered_lines": 32, "num_statements": 32, "percent_covered": 100.0, "percent_covered_display": "100", "missing_lines": 0, "excluded_lines": 0}, "missing_lines": [], "excluded_lines": [], "functions": {"": {"executed_lines": [1, 7, 9, 12, 13, 15, 16, 17, 20, 21, 23, 24, 25, 28, 29, 32, 33, 35, 36, 37, 38, 41, 42, 44, 45, 46, 47, 50, 51, 53, 54, 55, 58, 59, 61, 62, 63, 64, 65], "summary": {"covered_lines": 32, "num_statements": 32, "percent_covered": 100.0, "percent_covered_display": "100", "missing_lines": 0, "excluded_lines": 0}, "missing_lines": [], "excluded_lines": []}}, "classes": {"VoiceMode": {"executed_lines": [], "summary": {"covered_lines": 0, "num_statements": 0, "percent_covered": 100.0, "percent_covered_display": "100", "missing_lines": 0, "excluded_lines": 0}, "missing_lines": [], "excluded_lines": []}, "VoiceConfig": {"executed_lines": [], "summary": {"covered_lines": 0, "num_statements": 0, "percent_covered": 100.0, "percent_covered_display": "100", "missing_lines": 0, "excluded_lines": 0}, "missing_lines": [], "excluded_lines": []}, "AudioChunk": {"executed_lines": [], "summary": {"covered_lines": 0, "num_statements": 0, "percent_covered": 100.0, "percent_covered_display": "100", "missing_lines": 0, "excluded_lines": 0}, "missing_lines": [], "excluded_lines": []}, "TranscriptionResult": {"executed_lines": [], "summary": {"covered_lines": 0, "num_statements": 0, "percent_covered": 100.0, "percent_covered_display": "100", "missing_lines": 0, "excluded_lines": 0}, "missing_lines": [], "excluded_lines": []}, "SynthesisRequest": {"executed_lines": [], "summary": {"covered_lines": 0, "num_statements": 0, "percent_covered": 100.0, "percent_covered_display": "100", "missing_lines": 0, "excluded_lines": 0}, "missing_lines": [], "excluded_lines": []}, "VoiceStatus": {"executed_lines": [], "summary": {"covered_lines": 0, "num_statements": 0, "percent_covered": 100.0, "percent_covered_display": "100", "missing_lines": 0, "excluded_lines": 0}, "missing_lines": [], "excluded_lines": []}, "": {"executed_lines": [1, 7, 9, 12, 13, 15, 16, 17, 20, 21, 23, 24, 25, 28, 29, 32, 33, 35, 36, 37, 38, 41, 42, 44, 45, 46, 47, 50, 51, 53, 54, 55, 58, 59, 61, 62, 63, 64, 65], "summary": {"covered_lines": 32, "num_statements": 32, "percent_covered": 100.0, "percent_covered_display": "100", "missing_lines": 0, "excluded_lines": 0}, "missing_lines": [], "excluded_lines": []}}}, "neura/voice/vad.py": {"executed_lines": [1, 7, 9, 11, 14, 15, 26, 33, 34, 36, 56, 59, 61, 65, 67, 77, 79, 89], "summary": {"covered_lines": 16, "num_statements": 16, "percent_covered": 100.0, "percent_covered_display": "100", "missing_lines": 0, "excluded_lines": 0}, "missing_lines": [], "excluded_lines": [], "functions": {"SimpleVAD.__init__": {"executed_lines": [33, 34], "summary": {"covered_lines": 2, "num_statements": 2, "percent_covered": 100.0, "percent_covered_display": "100", "missing_lines": 0, "excluded_lines": 0}, "missing_lines": [], "excluded_lines": []}, "SimpleVAD.is_speech": {"executed_lines": [56, 59, 61, 65], "summary": {"covered_lines": 4, "num_statements": 4, "percent_covered": 100.0, "percent_covered_display": "100", "missing_lines": 0, "excluded_lines": 0}, "missing_lines": [], "excluded_lines": []}, "SimpleVAD.detect_silence": {"executed_lines": [77], "summary": {"covered_lines": 1, "num_statements": 1, "percent_covered": 100.0, "percent_covered_display": "100", "missing_lines": 0, "excluded_lines": 0}, "missing_lines": [], "excluded_lines": []}, "SimpleVAD.get_energy": {"executed_lines": [89], "summary": {"covered_lines": 1, "num_statements": 1, "percent_covered": 100.0, "percent_covered_display": "100", "missing_lines": 0, "excluded_lines": 0}, "missing_lines": [], "excluded_lines": []}, "": {"executed_lines": [1, 7, 9, 11, 14, 15, 26, 36, 67, 79], "summary": {"covered_lines": 8, "num_statements": 8, "percent_covered": 100.0, "percent_covered_display": "100", "missing_lines": 0, "excluded_lines": 0}, "missing_lines": [], "excluded_lines": []}}, "classes": {"SimpleVAD": {"executed_lines": [33, 34, 56, 59, 61, 65, 77, 89], "summary": {"covered_lines": 8, "num_statements": 8, "percent_covered": 100.0, "percent_covered_display": "100", "missing_lines": 0, "excluded_lines": 0}, "missing_lines": [], "excluded_lines": []}, "": {"executed_lines": [1, 7, 9, 11, 14, 15, 26, 36, 67, 79], "summary": {"covered_lines": 8, "num_statements": 8, "percent_covered": 100.0, "percent_covered_display": "100", "missing_lines": 0, "excluded_lines": 0}, "missing_lines": [], "excluded_lines": []}}}}, "totals": {"covered_lines": 2154, "num_statements": 5101, "percent_covered": 42.22701431091943, "percent_covered_display": "42", "missing_lines": 2947, "excluded_lines": 0}}